Replace Part c5 Elco B in C:\Altium\Projects\RIAA_CorrectieFilter2\Preamp&Filter.SchDoc with Elco B from Panasonic.SchLib
Replace Part c6 Elco B in C:\Altium\Projects\RIAA_CorrectieFilter2\Preamp&Filter.SchDoc with Elco B from Panasonic.SchLib
Replace Part c7 Elco B in C:\Altium\Projects\RIAA_CorrectieFilter2\Preamp&Filter.SchDoc with Elco B from Panasonic.SchLib
Replace Part c8 Elco B in C:\Altium\Projects\RIAA_CorrectieFilter2\Preamp&Filter.SchDoc with Elco B from Panasonic.SchLib
Replace Part c9 Elco D in C:\Altium\Projects\RIAA_CorrectieFilter2\Preamp&Filter.SchDoc with Elco D from Panasonic.SchLib
Replace Part c10 Elco D in C:\Altium\Projects\RIAA_CorrectieFilter2\Preamp&Filter.SchDoc with Elco D from Panasonic.SchLib
Replace Part c11 0805 Capacitor in C:\Altium\Projects\RIAA_CorrectieFilter2\Preamp&Filter.SchDoc with 0805 Capacitor from Generic R-C.SchLib
Replace Part c12 0805 Capacitor in C:\Altium\Projects\RIAA_CorrectieFilter2\Preamp&Filter.SchDoc with 0805 Capacitor from Generic R-C.SchLib
Replace Part c13 0805 Capacitor in C:\Altium\Projects\RIAA_CorrectieFilter2\Preamp&Filter.SchDoc with 0805 Capacitor from Generic R-C.SchLib
Replace Part c14 0805 Capacitor in C:\Altium\Projects\RIAA_CorrectieFilter2\Preamp&Filter.SchDoc with 0805 Capacitor from Generic R-C.SchLib
Replace Part c15 Elco C in C:\Altium\Projects\RIAA_CorrectieFilter2\Preamp&Filter.SchDoc with Elco C from Panasonic.SchLib
Replace Part c16 Elco C in C:\Altium\Projects\RIAA_CorrectieFilter2\Preamp&Filter.SchDoc with Elco C from Panasonic.SchLib
Replace Part c17 Elco D in C:\Altium\Projects\RIAA_CorrectieFilter2\Preamp&Filter.SchDoc with Elco D from Panasonic.SchLib
Replace Part c18 Elco D in C:\Altium\Projects\RIAA_CorrectieFilter2\Preamp&Filter.SchDoc with Elco D from Panasonic.SchLib
Replace Part P2 PSG01551 in C:\Altium\Projects\RIAA_CorrectieFilter2\Preamp&Filter.SchDoc with PSG01551 from Pro-Signal.SchLib
Replace Part P2 PSG01551 in C:\Altium\Projects\RIAA_CorrectieFilter2\Preamp&Filter.SchDoc with PSG01551 from Pro-Signal.SchLib
Replace Part P2 PSG01551 in C:\Altium\Projects\RIAA_CorrectieFilter2\Preamp&Filter.SchDoc with PSG01551 from Pro-Signal.SchLib
Replace Part P2 PSG01551 in C:\Altium\Projects\RIAA_CorrectieFilter2\Preamp&Filter.SchDoc with PSG01551 from Pro-Signal.SchLib
Replace Part r2 0805 Resistor in C:\Altium\Projects\RIAA_CorrectieFilter2\Preamp&Filter.SchDoc with 0805 Resistor from Generic R-C.SchLib
Replace Part r3 0805 Resistor in C:\Altium\Projects\RIAA_CorrectieFilter2\Preamp&Filter.SchDoc with 0805 Resistor from Generic R-C.SchLib
Replace Part r4 0805 Resistor in C:\Altium\Projects\RIAA_CorrectieFilter2\Preamp&Filter.SchDoc with 0805 Resistor from Generic R-C.SchLib
Replace Part r5 0805 Resistor in C:\Altium\Projects\RIAA_CorrectieFilter2\Preamp&Filter.SchDoc with 0805 Resistor from Generic R-C.SchLib
Replace Part r6 0805 Resistor in C:\Altium\Projects\RIAA_CorrectieFilter2\Preamp&Filter.SchDoc with 0805 Resistor from Generic R-C.SchLib
Replace Part r7 0805 Resistor in C:\Altium\Projects\RIAA_CorrectieFilter2\Preamp&Filter.SchDoc with 0805 Resistor from Generic R-C.SchLib
Replace Part r8 0805 Resistor in C:\Altium\Projects\RIAA_CorrectieFilter2\Preamp&Filter.SchDoc with 0805 Resistor from Generic R-C.SchLib
Replace Part r9 0805 Resistor in C:\Altium\Projects\RIAA_CorrectieFilter2\Preamp&Filter.SchDoc with 0805 Resistor from Generic R-C.SchLib
Replace Part r10 0805 Resistor in C:\Altium\Projects\RIAA_CorrectieFilter2\Preamp&Filter.SchDoc with 0805 Resistor from Generic R-C.SchLib
Replace Part r11 0805 Resistor in C:\Altium\Projects\RIAA_CorrectieFilter2\Preamp&Filter.SchDoc with 0805 Resistor from Generic R-C.SchLib
Replace Part r12 0805 Resistor in C:\Altium\Projects\RIAA_CorrectieFilter2\Preamp&Filter.SchDoc with 0805 Resistor from Generic R-C.SchLib
Replace Part r13 0805 Resistor in C:\Altium\Projects\RIAA_CorrectieFilter2\Preamp&Filter.SchDoc with 0805 Resistor from Generic R-C.SchLib
Replace Part u2 NE5532x in C:\Altium\Projects\RIAA_CorrectieFilter2\Preamp&Filter.SchDoc with NE5532x from Texas Instruments.SchLib
Replace Part u2 NE5532x in C:\Altium\Projects\RIAA_CorrectieFilter2\Preamp&Filter.SchDoc with NE5532x from Texas Instruments.SchLib
Replace Part u2 NE5532x in C:\Altium\Projects\RIAA_CorrectieFilter2\Preamp&Filter.SchDoc with NE5532x from Texas Instruments.SchLib
Replace Part u3 TL027x in C:\Altium\Projects\RIAA_CorrectieFilter2\Preamp&Filter.SchDoc with TL027x from Texas Instruments.SchLib
Replace Part u3 TL027x in C:\Altium\Projects\RIAA_CorrectieFilter2\Preamp&Filter.SchDoc with TL027x from Texas Instruments.SchLib
Replace Part u3 TL027x in C:\Altium\Projects\RIAA_CorrectieFilter2\Preamp&Filter.SchDoc with TL027x from Texas Instruments.SchLib
