Added Component: Designator=c2(0805)
Add component. Clean all parameters for all variants
Added Component: Designator=c3(0805)
Add component. Clean all parameters for all variants
Added Component: Designator=c5(Elco-B)
Add component. Clean all parameters for all variants
Added Component: Designator=c6(Elco-B)
Add component. Clean all parameters for all variants
Added Component: Designator=c7(Elco-B)
Add component. Clean all parameters for all variants
Added Component: Designator=c8(Elco-B)
Add component. Clean all parameters for all variants
Added Component: Designator=c11(0805)
Add component. Clean all parameters for all variants
Added Component: Designator=c12(0805)
Add component. Clean all parameters for all variants
Added Component: Designator=c13(0805)
Add component. Clean all parameters for all variants
Added Component: Designator=c14(0805)
Add component. Clean all parameters for all variants
Added Component: Designator=c15(Elco-C)
Add component. Clean all parameters for all variants
Added Component: Designator=c16(Elco-C)
Add component. Clean all parameters for all variants
Added Component: Designator=D1(SMA)
Add component. Clean all parameters for all variants
Added Component: Designator=fb1(0805)
Add component. Clean all parameters for all variants
Added Component: Designator=P1(Power Jack)
Add component. Clean all parameters for all variants
Added Component: Designator=P2(RCA 4-way)
Add component. Clean all parameters for all variants
Added Component: Designator=r1(0805)
Add component. Clean all parameters for all variants
Added Component: Designator=r2(0805)
Add component. Clean all parameters for all variants
Added Component: Designator=r3(0805)
Add component. Clean all parameters for all variants
Added Component: Designator=r4(0805)
Add component. Clean all parameters for all variants
Added Component: Designator=r5(0805)
Add component. Clean all parameters for all variants
Added Component: Designator=r6(0805)
Add component. Clean all parameters for all variants
Added Component: Designator=r7(0805)
Add component. Clean all parameters for all variants
Added Component: Designator=r8(0805)
Add component. Clean all parameters for all variants
Added Component: Designator=r9(0805)
Add component. Clean all parameters for all variants
Added Component: Designator=r10(0805)
Add component. Clean all parameters for all variants
Added Component: Designator=r11(0805)
Add component. Clean all parameters for all variants
Added Component: Designator=r12(0805)
Add component. Clean all parameters for all variants
Added Component: Designator=r13(0805)
Add component. Clean all parameters for all variants
Added Component: Designator=u1(TO-220AB-3)
Add component. Clean all parameters for all variants
Added Component: Designator=u2(R-PDSO-G8-P127d620x530)
Add component. Clean all parameters for all variants
Added Component: Designator=u3(R-PDSO-G8-P127d620x530)
Add component. Clean all parameters for all variants
Added Pin To Net: NetName=GND Pin=c2-2
Added Pin To Net: NetName=GND Pin=c3-1
Added Pin To Net: NetName=GND Pin=c7-1
Added Pin To Net: NetName=GND Pin=c8-1
Added Pin To Net: NetName=GND Pin=P1-2
Added Pin To Net: NetName=GND Pin=P1-2
Added Pin To Net: NetName=GND Pin=P2-1
Added Pin To Net: NetName=GND Pin=P2-4
Added Pin To Net: NetName=GND Pin=r3-2
Added Pin To Net: NetName=GND Pin=r5-2
Added Pin To Net: NetName=GND Pin=u1-2
Added Pin To Net: NetName=GND Pin=u2-4
Added Pin To Net: NetName=GND Pin=u3-4
Added Net: Name=GND
Added Pin To Net: NetName=Netc1_2 Pin=c2-1
Added Pin To Net: NetName=Netc1_2 Pin=fb1-2
Added Pin To Net: NetName=Netc1_2 Pin=u1-1
Added Net: Name=Netc1_2
Added Pin To Net: NetName=Netc3_2 Pin=c3-2
Added Pin To Net: NetName=Netc3_2 Pin=r1-1
Added Pin To Net: NetName=Netc3_2 Pin=u1-3
Added Net: Name=Netc3_2
Added Pin To Net: NetName=Netc5_1 Pin=c5-1
Added Pin To Net: NetName=Netc5_1 Pin=P2-2
Added Net: Name=Netc5_1
Added Pin To Net: NetName=Netc5_2 Pin=c5-2
Added Pin To Net: NetName=Netc5_2 Pin=r2-2
Added Pin To Net: NetName=Netc5_2 Pin=r3-1
Added Pin To Net: NetName=Netc5_2 Pin=u2-3
Added Net: Name=Netc5_2
Added Pin To Net: NetName=Netc6_1 Pin=c6-1
Added Pin To Net: NetName=Netc6_1 Pin=P2-3
Added Net: Name=Netc6_1
Added Pin To Net: NetName=Netc6_2 Pin=c6-2
Added Pin To Net: NetName=Netc6_2 Pin=r4-2
Added Pin To Net: NetName=Netc6_2 Pin=r5-1
Added Pin To Net: NetName=Netc6_2 Pin=u2-5
Added Net: Name=Netc6_2
Added Pin To Net: NetName=Netc7_2 Pin=c7-2
Added Pin To Net: NetName=Netc7_2 Pin=r6-2
Added Net: Name=Netc7_2
Added Pin To Net: NetName=Netc8_2 Pin=c8-2
Added Pin To Net: NetName=Netc8_2 Pin=r7-2
Added Net: Name=Netc8_2
Added Pin To Net: NetName=Netc9_2 Pin=c11-1
Added Pin To Net: NetName=Netc9_2 Pin=r10-1
Added Pin To Net: NetName=Netc9_2 Pin=u3-2
Added Net: Name=Netc9_2
Added Pin To Net: NetName=Netc10_2 Pin=c12-1
Added Pin To Net: NetName=Netc10_2 Pin=r11-1
Added Pin To Net: NetName=Netc10_2 Pin=u3-6
Added Net: Name=Netc10_2
Added Pin To Net: NetName=Netc11_2 Pin=c11-2
Added Pin To Net: NetName=Netc11_2 Pin=c13-1
Added Pin To Net: NetName=Netc11_2 Pin=r10-2
Added Pin To Net: NetName=Netc11_2 Pin=r12-1
Added Net: Name=Netc11_2
Added Pin To Net: NetName=Netc12_2 Pin=c12-2
Added Pin To Net: NetName=Netc12_2 Pin=c14-1
Added Pin To Net: NetName=Netc12_2 Pin=r11-2
Added Pin To Net: NetName=Netc12_2 Pin=r13-1
Added Net: Name=Netc12_2
Added Pin To Net: NetName=Netc13_2 Pin=c13-2
Added Pin To Net: NetName=Netc13_2 Pin=c15-2
Added Pin To Net: NetName=Netc13_2 Pin=r12-2
Added Pin To Net: NetName=Netc13_2 Pin=u3-1
Added Net: Name=Netc13_2
Added Pin To Net: NetName=Netc14_2 Pin=c14-2
Added Pin To Net: NetName=Netc14_2 Pin=c16-2
Added Pin To Net: NetName=Netc14_2 Pin=r13-2
Added Pin To Net: NetName=Netc14_2 Pin=u3-7
Added Net: Name=Netc14_2
Added Pin To Net: NetName=Netc15_1 Pin=c15-1
Added Pin To Net: NetName=Netc15_1 Pin=P2-5
Added Net: Name=Netc15_1
Added Pin To Net: NetName=Netc16_1 Pin=c16-1
Added Pin To Net: NetName=Netc16_1 Pin=P2-6
Added Net: Name=Netc16_1
Added Pin To Net: NetName=NetD1_1 Pin=D1-1
Added Pin To Net: NetName=NetD1_1 Pin=P1-1
Added Net: Name=NetD1_1
Added Pin To Net: NetName=NetD1_2 Pin=D1-2
Added Pin To Net: NetName=NetD1_2 Pin=fb1-1
Added Net: Name=NetD1_2
Added Pin To Net: NetName=Netr6_1 Pin=r6-1
Added Pin To Net: NetName=Netr6_1 Pin=r9-1
Added Pin To Net: NetName=Netr6_1 Pin=u2-2
Added Net: Name=Netr6_1
Added Pin To Net: NetName=Netr7_1 Pin=r7-1
Added Pin To Net: NetName=Netr7_1 Pin=r8-1
Added Pin To Net: NetName=Netr7_1 Pin=u2-6
Added Net: Name=Netr7_1
Added Pin To Net: NetName=Netr8_2 Pin=r8-2
Added Pin To Net: NetName=Netr8_2 Pin=u2-7
Added Pin To Net: NetName=Netr8_2 Pin=u3-5
Added Net: Name=Netr8_2
Added Pin To Net: NetName=Netr9_2 Pin=r9-2
Added Pin To Net: NetName=Netr9_2 Pin=u2-1
Added Pin To Net: NetName=Netr9_2 Pin=u3-3
Added Net: Name=Netr9_2
Added Pin To Net: NetName=VCC Pin=r1-2
Added Pin To Net: NetName=VCC Pin=r2-1
Added Pin To Net: NetName=VCC Pin=r4-1
Added Pin To Net: NetName=VCC Pin=u2-8
Added Pin To Net: NetName=VCC Pin=u3-8
Added Net: Name=VCC
Added Class: Name=PowerSupply
Added Class: Name=Preamp&Filter
Added Room: Name=PowerSupply
Added Room: Name=Preamp&Filter
