Change Component Designator: OldDesignator=d? NewDesignator=d4
Change Component Designator: OldDesignator=p? NewDesignator=p5
Change Component Designator: OldDesignator=r? NewDesignator=r2
Added Component: Designator=U1(SOIC14N)
Add component. Clean all parameters for all variants
Added Pin To Net: NetName=VCC Pin=U1-1
Added Pin To Net: NetName=NetC2_2 Pin=U1-2
Added Pin To Net: NetName=NetC3_2 Pin=U1-3
Added Pin To Net: NetName=RESET Pin=U1-4
Added Pin To Net: NetName=Netr1_2 Pin=U1-6
Added Pin To Net: NetName=MOSI Pin=U1-7
Added Pin To Net: NetName=MISO Pin=U1-8
Added Pin To Net: NetName=SCK Pin=U1-9
Added Pin To Net: NetName=Button Pin=U1-10
Added Pin To Net: NetName=LEDs Pin=U1-11
Added Pin To Net: NetName=Mic Pin=U1-12
Added Pin To Net: NetName=VCC Pin=U1-13
Added Pin To Net: NetName=GND Pin=U1-14
Change Net Name : Old Net Name=Netd?_1 New Net Name=Netd4_1
Added Member To Class: ClassName=µController Member=Component U1 Tiny84A
