Change Component Designator: Old Designator=c? New Designator=c1
Change Component Designator: Old Designator=c? New Designator=c2
Change Component Designator: Old Designator=c? New Designator=c3
Change Component Designator: Old Designator=c? New Designator=c4
Change Component Designator: Old Designator=c? New Designator=c5
Change Component Designator: Old Designator=c? New Designator=c6
Change Component Designator: Old Designator=c? New Designator=c7
Change Component Designator: Old Designator=c? New Designator=c8
Change Component Designator: Old Designator=c? New Designator=c9
Change Component Designator: Old Designator=d? New Designator=d1
Change Component Designator: Old Designator=f? New Designator=f1
Change Component Designator: Old Designator=fb? New Designator=fb1
Change Component Designator: Old Designator=fb? New Designator=fb2
Change Component Designator: Old Designator=p? New Designator=p1
Change Component Designator: Old Designator=Q? New Designator=Q1
Change Component Designator: Old Designator=r? New Designator=r1
Change Component Designator: Old Designator=r? New Designator=r2
Change Component Designator: Old Designator=r? New Designator=r3
Change Component Designator: Old Designator=r? New Designator=r4
Change Component Designator: Old Designator=sw? New Designator=sw1
Change Component Designator: Old Designator=vr? New Designator=vr1
Change Component Designator: Old Designator=vr? New Designator=vr2
