Removed Pin From Net: NetName=Netc27_2 Pin=u5-2
Removed Pin From Net: NetName=GND Pin=u5-6
Removed Pin From Net: NetName=GND Pin=u5-10
Removed Pin From Net: NetName=Netc18_2 Pin=u5-13
Removed Pin From Net: NetName=GND Pin=u5-15
Removed Pin From Net: NetName=GND Pin=u5-16
Removed Pin From Net: NetName=GND Pin=u5-17
Added Pin To Net: NetName=SCK Pin=u1_U_M_Driver1-10
Added Pin To Net: NetName=PS Pin=u1_U_M_Driver1-91
Added Pin To Net: NetName=PS Pin=u1_U_M_Driver1-92
Added Pin To Net: NetName=SCK Pin=u1_U_M_Driver2-10
Added Pin To Net: NetName=PS Pin=u1_U_M_Driver2-91
Added Pin To Net: NetName=PS Pin=u1_U_M_Driver2-92
Added Pin To Net: NetName=SCK Pin=u1_U_M_Driver3-10
Added Pin To Net: NetName=PS Pin=u1_U_M_Driver3-91
Added Pin To Net: NetName=PS Pin=u1_U_M_Driver3-92
Added Pin To Net: NetName=SW Pin=u5-2
Added Pin To Net: NetName=Vin Pin=u5-14
Added Pin To Net: NetName=PGND Pin=u5-16
Added Pin To Net: NetName=Nettp2_U_M_Driver1_1 Pin=tp2_U_M_Driver1-1
Added Pin To Net: NetName=Nettp2_U_M_Driver1_1 Pin=u1_U_M_Driver1-18
Added Net: Name=Nettp2_U_M_Driver1_1
Added Pin To Net: NetName=Nettp2_U_M_Driver2_1 Pin=tp2_U_M_Driver2-1
Added Pin To Net: NetName=Nettp2_U_M_Driver2_1 Pin=u1_U_M_Driver2-18
Added Net: Name=Nettp2_U_M_Driver2_1
Added Pin To Net: NetName=Nettp2_U_M_Driver3_1 Pin=tp2_U_M_Driver3-1
Added Pin To Net: NetName=Nettp2_U_M_Driver3_1 Pin=u1_U_M_Driver3-18
Added Net: Name=Nettp2_U_M_Driver3_1
Added Room: Name=U_M_Driver1
Added Room: Name=U_M_Driver2
Added Room: Name=U_M_Driver3
