Change Component Designator: OldDesignator=c10_1 NewDesignator=c10_U_M_Driver1
Change Component Designator: OldDesignator=c10_2 NewDesignator=c10_U_M_Driver2
Change Component Designator: OldDesignator=c10_3 NewDesignator=c10_U_M_Driver3
Change Component Designator: OldDesignator=c11_1 NewDesignator=c11_U_M_Driver1
Change Component Designator: OldDesignator=c11_2 NewDesignator=c11_U_M_Driver2
Change Component Designator: OldDesignator=c11_3 NewDesignator=c11_U_M_Driver3
Change Component Designator: OldDesignator=c12_1 NewDesignator=c12_U_M_Driver1
Change Component Designator: OldDesignator=c12_2 NewDesignator=c12_U_M_Driver2
Change Component Designator: OldDesignator=c12_3 NewDesignator=c12_U_M_Driver3
Change Component Designator: OldDesignator=c13_1 NewDesignator=c13_U_M_Driver1
Change Component Designator: OldDesignator=c13_2 NewDesignator=c13_U_M_Driver2
Change Component Designator: OldDesignator=c13_3 NewDesignator=c13_U_M_Driver3
Change Component Designator: OldDesignator=c14_1 NewDesignator=c14_U_M_Driver1
Change Component Designator: OldDesignator=c14_2 NewDesignator=c14_U_M_Driver2
Change Component Designator: OldDesignator=c14_3 NewDesignator=c14_U_M_Driver3
Change Component Designator: OldDesignator=c15_1 NewDesignator=c15_U_M_Driver1
Change Component Designator: OldDesignator=c15_2 NewDesignator=c15_U_M_Driver2
Change Component Designator: OldDesignator=c15_3 NewDesignator=c15_U_M_Driver3
Change Component Designator: OldDesignator=c16_1 NewDesignator=c16_U_M_Driver1
Change Component Designator: OldDesignator=c16_2 NewDesignator=c16_U_M_Driver2
Change Component Designator: OldDesignator=c16_3 NewDesignator=c16_U_M_Driver3
Change Component Designator: OldDesignator=c17_1 NewDesignator=c17_U_M_Driver1
Change Component Designator: OldDesignator=c17_2 NewDesignator=c17_U_M_Driver2
Change Component Designator: OldDesignator=c17_3 NewDesignator=c17_U_M_Driver3
Change Component Designator: OldDesignator=c19_1 NewDesignator=c19_U_M_Driver1
Change Component Designator: OldDesignator=c19_2 NewDesignator=c19_U_M_Driver2
Change Component Designator: OldDesignator=c19_3 NewDesignator=c19_U_M_Driver3
Change Component Designator: OldDesignator=c20_1 NewDesignator=c20_U_M_Driver1
Change Component Designator: OldDesignator=c20_2 NewDesignator=c20_U_M_Driver2
Change Component Designator: OldDesignator=c20_3 NewDesignator=c20_U_M_Driver3
Change Component Designator: OldDesignator=c21_1 NewDesignator=c21_U_M_Driver1
Change Component Designator: OldDesignator=c21_2 NewDesignator=c21_U_M_Driver2
Change Component Designator: OldDesignator=c21_3 NewDesignator=c21_U_M_Driver3
Change Component Designator: OldDesignator=c22_1 NewDesignator=c22_U_M_Driver1
Change Component Designator: OldDesignator=c22_2 NewDesignator=c22_U_M_Driver2
Change Component Designator: OldDesignator=c22_3 NewDesignator=c22_U_M_Driver3
Change Component Designator: OldDesignator=c23_1 NewDesignator=c23_U_M_Driver1
Change Component Designator: OldDesignator=c23_2 NewDesignator=c23_U_M_Driver2
Change Component Designator: OldDesignator=c23_3 NewDesignator=c23_U_M_Driver3
Change Component Designator: OldDesignator=d2_1 NewDesignator=d2_U_M_Driver1
Change Component Designator: OldDesignator=d2_2 NewDesignator=d2_U_M_Driver2
Change Component Designator: OldDesignator=d2_3 NewDesignator=d2_U_M_Driver3
Change Component Designator: OldDesignator=d3_1 NewDesignator=d3_U_M_Driver1
Change Component Designator: OldDesignator=d3_2 NewDesignator=d3_U_M_Driver2
Change Component Designator: OldDesignator=d3_3 NewDesignator=d3_U_M_Driver3
Change Component Designator: OldDesignator=d7 NewDesignator=d7_U_M_Driver1
Change Component Designator: OldDesignator=r5_1 NewDesignator=r5_U_M_Driver1
Change Component Designator: OldDesignator=r5_2 NewDesignator=r5_U_M_Driver2
Change Component Designator: OldDesignator=r5_3 NewDesignator=r5_U_M_Driver3
Change Component Designator: OldDesignator=r6_1 NewDesignator=r6_U_M_Driver1
Change Component Designator: OldDesignator=r6_2 NewDesignator=r6_U_M_Driver2
Change Component Designator: OldDesignator=r6_3 NewDesignator=r6_U_M_Driver3
Change Component Designator: OldDesignator=r7_1 NewDesignator=r7_U_M_Driver1
Change Component Designator: OldDesignator=r7_2 NewDesignator=r7_U_M_Driver2
Change Component Designator: OldDesignator=r7_3 NewDesignator=r7_U_M_Driver3
Change Component Designator: OldDesignator=r17_1 NewDesignator=r17_U_M_Driver1
Change Component Designator: OldDesignator=r17_2 NewDesignator=r17_U_M_Driver2
Change Component Designator: OldDesignator=r17_3 NewDesignator=r17_U_M_Driver3
Change Component Designator: OldDesignator=r18_1 NewDesignator=r18_U_M_Driver1
Change Component Designator: OldDesignator=r18_2 NewDesignator=r18_U_M_Driver2
Change Component Designator: OldDesignator=r18_3 NewDesignator=r18_U_M_Driver3
Change Component Designator: OldDesignator=r22_1 NewDesignator=r22_U_M_Driver1
Change Component Designator: OldDesignator=r22_2 NewDesignator=r22_U_M_Driver2
Change Component Designator: OldDesignator=r22_3 NewDesignator=r22_U_M_Driver3
Change Component Designator: OldDesignator=r23_1 NewDesignator=r23_U_M_Driver1
Change Component Designator: OldDesignator=r23_2 NewDesignator=r23_U_M_Driver2
Change Component Designator: OldDesignator=r23_3 NewDesignator=r23_U_M_Driver3
Change Component Designator: OldDesignator=r24_1 NewDesignator=r24_U_M_Driver1
Change Component Designator: OldDesignator=r24_2 NewDesignator=r24_U_M_Driver2
Change Component Designator: OldDesignator=r24_3 NewDesignator=r24_U_M_Driver3
Change Component Designator: OldDesignator=r48 NewDesignator=r48_U_M_Driver1
Change Component Designator: OldDesignator=u1_1 NewDesignator=u1_U_M_Driver1
Change Component Designator: OldDesignator=u1_2 NewDesignator=u1_U_M_Driver2
Change Component Designator: OldDesignator=u1_3 NewDesignator=u1_U_M_Driver3
Added Component: Designator=d7_U_M_Driver2(0603 - LED)
Add component. Clean all parameters for all variants
Added Component: Designator=d7_U_M_Driver3(0603 - LED)
Add component. Clean all parameters for all variants
Added Component: Designator=f3(Fiducial)
Add component. Clean all parameters for all variants
Added Component: Designator=f4(Fiducial)
Add component. Clean all parameters for all variants
Added Component: Designator=H1(Mounting Hole)
Add component. Clean all parameters for all variants
Added Component: Designator=H2(Mounting Hole)
Add component. Clean all parameters for all variants
Added Component: Designator=H3(Mounting Hole)
Add component. Clean all parameters for all variants
Added Component: Designator=H4(Mounting Hole)
Add component. Clean all parameters for all variants
Added Component: Designator=p1(Micro USB Type B)
Add component. Clean all parameters for all variants
Added Component: Designator=p14(1x5-HeaderPin)
Add component. Clean all parameters for all variants
Added Component: Designator=p25(1x2-HeaderPin)
Add component. Clean all parameters for all variants
Added Component: Designator=r48_U_M_Driver2(0603)
Add component. Clean all parameters for all variants
Added Component: Designator=r48_U_M_Driver3(0603)
Add component. Clean all parameters for all variants
Added Component: Designator=tp2_U_M_Driver1(Test Point)
Add component. Clean all parameters for all variants
Added Component: Designator=tp2_U_M_Driver2(Test Point)
Add component. Clean all parameters for all variants
Added Component: Designator=tp2_U_M_Driver3(Test Point)
Add component. Clean all parameters for all variants
Added Component: Designator=tp3_U_M_Driver1(Test Point)
Add component. Clean all parameters for all variants
Added Component: Designator=tp3_U_M_Driver2(Test Point)
Add component. Clean all parameters for all variants
Added Component: Designator=tp3_U_M_Driver3(Test Point)
Add component. Clean all parameters for all variants
Added Component: Designator=tp4_U_M_Driver1(Test Point)
Add component. Clean all parameters for all variants
Added Component: Designator=tp4_U_M_Driver2(Test Point)
Add component. Clean all parameters for all variants
Added Component: Designator=tp4_U_M_Driver3(Test Point)
Add component. Clean all parameters for all variants
Added Pin To Net: NetName=3v3 Pin=c1-1
Added Pin To Net: NetName=3v3 Pin=c2-1
Added Pin To Net: NetName=3v3 Pin=c3-1
Added Pin To Net: NetName=3v3 Pin=c24-1
Added Pin To Net: NetName=3v3 Pin=c25-1
Added Pin To Net: NetName=3v3 Pin=c26-1
Added Pin To Net: NetName=3v3 Pin=c33-2
Added Pin To Net: NetName=3v3 Pin=c34-1
Added Pin To Net: NetName=3v3 Pin=c35-1
Added Pin To Net: NetName=3v3 Pin=c36-2
Added Pin To Net: NetName=3v3 Pin=c37-2
Added Pin To Net: NetName=3v3 Pin=c38-2
Added Pin To Net: NetName=3v3 Pin=c39-2
Added Pin To Net: NetName=3v3 Pin=d1-1
Added Pin To Net: NetName=3v3 Pin=d4-1
Added Pin To Net: NetName=3v3 Pin=d9-1
Added Pin To Net: NetName=3v3 Pin=d10-1
Added Pin To Net: NetName=3v3 Pin=d11-1
Added Pin To Net: NetName=3v3 Pin=d12-1
Added Pin To Net: NetName=3v3 Pin=d13-1
Added Pin To Net: NetName=3v3 Pin=fb2-1
Added Pin To Net: NetName=3v3 Pin=ISP-2
Added Pin To Net: NetName=3v3 Pin=k1-8
Added Pin To Net: NetName=3v3 Pin=k2-8
Added Pin To Net: NetName=3v3 Pin=k3-8
Added Pin To Net: NetName=3v3 Pin=k4-8
Added Pin To Net: NetName=3v3 Pin=p15-3
Added Pin To Net: NetName=3v3 Pin=p25-2
Added Pin To Net: NetName=3v3 Pin=r1-2
Added Pin To Net: NetName=3v3 Pin=r19-2
Added Pin To Net: NetName=3v3 Pin=r21-2
Added Pin To Net: NetName=3v3 Pin=r29-2
Added Pin To Net: NetName=3v3 Pin=r30-2
Added Pin To Net: NetName=3v3 Pin=r31-2
Added Pin To Net: NetName=3v3 Pin=r32-2
Added Pin To Net: NetName=3v3 Pin=r39-2
Added Pin To Net: NetName=3v3 Pin=r40-2
Added Pin To Net: NetName=3v3 Pin=r41-2
Added Pin To Net: NetName=3v3 Pin=r42-2
Added Pin To Net: NetName=3v3 Pin=r43-2
Added Pin To Net: NetName=3v3 Pin=r45-2
Added Pin To Net: NetName=3v3 Pin=r46-2
Added Pin To Net: NetName=3v3 Pin=r47-2
Added Pin To Net: NetName=3v3 Pin=s1-5
Added Pin To Net: NetName=3v3 Pin=s1-6
Added Pin To Net: NetName=3v3 Pin=s1-7
Added Pin To Net: NetName=3v3 Pin=s1-8
Added Pin To Net: NetName=3v3 Pin=u2-13
Added Pin To Net: NetName=3v3 Pin=u2-19
Added Pin To Net: NetName=3v3 Pin=u3-3
Added Pin To Net: NetName=3v3 Pin=u3-8
Added Pin To Net: NetName=3v3 Pin=u4-2
Added Pin To Net: NetName=3v3 Pin=u4-14
Added Pin To Net: NetName=3v3 Pin=u4-34
Added Net: Name=3v3
Added Pin To Net: NetName=CS0 Pin=p14-1
Added Pin To Net: NetName=CS0 Pin=r37-1
Added Pin To Net: NetName=CS0 Pin=r45-1
Added Pin To Net: NetName=CS0 Pin=u1_U_M_Driver1-10
Added Pin To Net: NetName=CS0 Pin=u1_U_M_Driver2-10
Added Pin To Net: NetName=CS0 Pin=u1_U_M_Driver3-10
Added Net: Name=CS0
Added Pin To Net: NetName=CS1 Pin=r36-1
Added Pin To Net: NetName=CS1 Pin=r47-1
Added Pin To Net: NetName=CS1 Pin=u2-2
Added Net: Name=CS1
Added Pin To Net: NetName=CS_FRAM Pin=r33-1
Added Pin To Net: NetName=CS_FRAM Pin=r46-1
Added Pin To Net: NetName=CS_FRAM Pin=u3-1
Added Net: Name=CS_FRAM
Added Pin To Net: NetName=ERC0 Pin=p2-2
Added Pin To Net: NetName=ERC0 Pin=r39-1
Added Pin To Net: NetName=ERC0 Pin=u4-18
Added Net: Name=ERC0
Added Pin To Net: NetName=ERC1 Pin=p6-2
Added Pin To Net: NetName=ERC1 Pin=r29-1
Added Pin To Net: NetName=ERC1 Pin=u4-19
Added Net: Name=ERC1
Added Pin To Net: NetName=ERC2 Pin=p7-2
Added Pin To Net: NetName=ERC2 Pin=r30-1
Added Pin To Net: NetName=ERC2 Pin=u4-25
Added Net: Name=ERC2
Added Pin To Net: NetName=ERC3 Pin=p8-2
Added Pin To Net: NetName=ERC3 Pin=r31-1
Added Pin To Net: NetName=ERC3 Pin=u4-22
Added Net: Name=ERC3
Added Pin To Net: NetName=ERC4 Pin=p9-2
Added Pin To Net: NetName=ERC4 Pin=r32-1
Added Pin To Net: NetName=ERC4 Pin=u4-26
Added Net: Name=ERC4
Added Pin To Net: NetName=ERC5 Pin=p10-2
Added Pin To Net: NetName=ERC5 Pin=r40-1
Added Pin To Net: NetName=ERC5 Pin=u4-27
Added Net: Name=ERC5
Added Pin To Net: NetName=F\L\A\G\ Pin=r23_U_M_Driver1-2
Added Pin To Net: NetName=F\L\A\G\ Pin=r23_U_M_Driver2-2
Added Pin To Net: NetName=F\L\A\G\ Pin=r23_U_M_Driver3-2
Added Pin To Net: NetName=F\L\A\G\ Pin=r49-2
Added Pin To Net: NetName=F\L\A\G\ Pin=u1_U_M_Driver1-16
Added Pin To Net: NetName=F\L\A\G\ Pin=u1_U_M_Driver2-16
Added Pin To Net: NetName=F\L\A\G\ Pin=u1_U_M_Driver3-16
Added Pin To Net: NetName=F\L\A\G\ Pin=u4-31
Added Net: Name=F\L\A\G\
Added Pin To Net: NetName=FRAM_H\O\L\D\ Pin=u3-7
Added Pin To Net: NetName=FRAM_H\O\L\D\ Pin=u4-30
Added Net: Name=FRAM_H\O\L\D\
Added Pin To Net: NetName=GND Pin=c1-2
Added Pin To Net: NetName=GND Pin=c2-2
Added Pin To Net: NetName=GND Pin=c3-2
Added Pin To Net: NetName=GND Pin=c4-2
Added Pin To Net: NetName=GND Pin=c5-2
Added Pin To Net: NetName=GND Pin=c6-1
Added Pin To Net: NetName=GND Pin=c7-2
Added Pin To Net: NetName=GND Pin=c8-1
Added Pin To Net: NetName=GND Pin=c9-2
Added Pin To Net: NetName=GND Pin=c10_U_M_Driver1-1
Added Pin To Net: NetName=GND Pin=c10_U_M_Driver2-1
Added Pin To Net: NetName=GND Pin=c10_U_M_Driver3-1
Added Pin To Net: NetName=GND Pin=c11_U_M_Driver1-1
Added Pin To Net: NetName=GND Pin=c11_U_M_Driver2-1
Added Pin To Net: NetName=GND Pin=c11_U_M_Driver3-1
Added Pin To Net: NetName=GND Pin=c12_U_M_Driver1-2
Added Pin To Net: NetName=GND Pin=c12_U_M_Driver2-2
Added Pin To Net: NetName=GND Pin=c12_U_M_Driver3-2
Added Pin To Net: NetName=GND Pin=c13_U_M_Driver1-1
Added Pin To Net: NetName=GND Pin=c13_U_M_Driver2-1
Added Pin To Net: NetName=GND Pin=c13_U_M_Driver3-1
Added Pin To Net: NetName=GND Pin=c15_U_M_Driver1-1
Added Pin To Net: NetName=GND Pin=c15_U_M_Driver2-1
Added Pin To Net: NetName=GND Pin=c15_U_M_Driver3-1
Added Pin To Net: NetName=GND Pin=c17_U_M_Driver1-1
Added Pin To Net: NetName=GND Pin=c17_U_M_Driver2-1
Added Pin To Net: NetName=GND Pin=c17_U_M_Driver3-1
Added Pin To Net: NetName=GND Pin=c18-1
Added Pin To Net: NetName=GND Pin=c19_U_M_Driver1-1
Added Pin To Net: NetName=GND Pin=c19_U_M_Driver2-1
Added Pin To Net: NetName=GND Pin=c19_U_M_Driver3-1
Added Pin To Net: NetName=GND Pin=c20_U_M_Driver1-2
Added Pin To Net: NetName=GND Pin=c20_U_M_Driver2-2
Added Pin To Net: NetName=GND Pin=c20_U_M_Driver3-2
Added Pin To Net: NetName=GND Pin=c21_U_M_Driver1-2
Added Pin To Net: NetName=GND Pin=c21_U_M_Driver2-2
Added Pin To Net: NetName=GND Pin=c21_U_M_Driver3-2
Added Pin To Net: NetName=GND Pin=c22_U_M_Driver1-2
Added Pin To Net: NetName=GND Pin=c22_U_M_Driver2-2
Added Pin To Net: NetName=GND Pin=c22_U_M_Driver3-2
Added Pin To Net: NetName=GND Pin=c23_U_M_Driver1-2
Added Pin To Net: NetName=GND Pin=c23_U_M_Driver2-2
Added Pin To Net: NetName=GND Pin=c23_U_M_Driver3-2
Added Pin To Net: NetName=GND Pin=c24-2
Added Pin To Net: NetName=GND Pin=c25-2
Added Pin To Net: NetName=GND Pin=c26-2
Added Pin To Net: NetName=GND Pin=c28-1
Added Pin To Net: NetName=GND Pin=c29-1
Added Pin To Net: NetName=GND Pin=c31-1
Added Pin To Net: NetName=GND Pin=c32-2
Added Pin To Net: NetName=GND Pin=c33-1
Added Pin To Net: NetName=GND Pin=c34-2
Added Pin To Net: NetName=GND Pin=c35-2
Added Pin To Net: NetName=GND Pin=c36-1
Added Pin To Net: NetName=GND Pin=c37-1
Added Pin To Net: NetName=GND Pin=c38-1
Added Pin To Net: NetName=GND Pin=c39-1
Added Pin To Net: NetName=GND Pin=c40-1
Added Pin To Net: NetName=GND Pin=c41-1
Added Pin To Net: NetName=GND Pin=c42-1
Added Pin To Net: NetName=GND Pin=d2_U_M_Driver1-2
Added Pin To Net: NetName=GND Pin=d2_U_M_Driver2-2
Added Pin To Net: NetName=GND Pin=d2_U_M_Driver3-2
Added Pin To Net: NetName=GND Pin=d8-2
Added Pin To Net: NetName=GND Pin=fb1-1
Added Pin To Net: NetName=GND Pin=fb1-2
Added Pin To Net: NetName=GND Pin=ISP-6
Added Pin To Net: NetName=GND Pin=p1-5
Added Pin To Net: NetName=GND Pin=p1-6
Added Pin To Net: NetName=GND Pin=p1-6
Added Pin To Net: NetName=GND Pin=p1-6
Added Pin To Net: NetName=GND Pin=p1-6
Added Pin To Net: NetName=GND Pin=p2-1
Added Pin To Net: NetName=GND Pin=p6-1
Added Pin To Net: NetName=GND Pin=p7-1
Added Pin To Net: NetName=GND Pin=p8-1
Added Pin To Net: NetName=GND Pin=p9-1
Added Pin To Net: NetName=GND Pin=p10-1
Added Pin To Net: NetName=GND Pin=p11-1
Added Pin To Net: NetName=GND Pin=p12-1
Added Pin To Net: NetName=GND Pin=p13-1
Added Pin To Net: NetName=GND Pin=p14-5
Added Pin To Net: NetName=GND Pin=p15-1
Added Pin To Net: NetName=GND Pin=p22-2
Added Pin To Net: NetName=GND Pin=Q1-2
Added Pin To Net: NetName=GND Pin=Q1-4
Added Pin To Net: NetName=GND Pin=r7_U_M_Driver1-1
Added Pin To Net: NetName=GND Pin=r7_U_M_Driver2-1
Added Pin To Net: NetName=GND Pin=r7_U_M_Driver3-1
Added Pin To Net: NetName=GND Pin=r12-2
Added Pin To Net: NetName=GND Pin=r16-1
Added Pin To Net: NetName=GND Pin=r17_U_M_Driver1-1
Added Pin To Net: NetName=GND Pin=r17_U_M_Driver2-1
Added Pin To Net: NetName=GND Pin=r17_U_M_Driver3-1
Added Pin To Net: NetName=GND Pin=r18_U_M_Driver1-1
Added Pin To Net: NetName=GND Pin=r18_U_M_Driver2-1
Added Pin To Net: NetName=GND Pin=r18_U_M_Driver3-1
Added Pin To Net: NetName=GND Pin=r20-1
Added Pin To Net: NetName=GND Pin=sw1-3
Added Pin To Net: NetName=GND Pin=sw1-4
Added Pin To Net: NetName=GND Pin=u1_U_M_Driver1-8
Added Pin To Net: NetName=GND Pin=u1_U_M_Driver1-21
Added Pin To Net: NetName=GND Pin=u1_U_M_Driver1-59
Added Pin To Net: NetName=GND Pin=u1_U_M_Driver1-99
Added Pin To Net: NetName=GND Pin=u1_U_M_Driver2-8
Added Pin To Net: NetName=GND Pin=u1_U_M_Driver2-21
Added Pin To Net: NetName=GND Pin=u1_U_M_Driver2-59
Added Pin To Net: NetName=GND Pin=u1_U_M_Driver2-99
Added Pin To Net: NetName=GND Pin=u1_U_M_Driver3-8
Added Pin To Net: NetName=GND Pin=u1_U_M_Driver3-21
Added Pin To Net: NetName=GND Pin=u1_U_M_Driver3-59
Added Pin To Net: NetName=GND Pin=u1_U_M_Driver3-99
Added Pin To Net: NetName=GND Pin=u2-7
Added Pin To Net: NetName=GND Pin=u2-10
Added Pin To Net: NetName=GND Pin=u2-16
Added Pin To Net: NetName=GND Pin=u2-21
Added Pin To Net: NetName=GND Pin=u3-4
Added Pin To Net: NetName=GND Pin=u4-5
Added Pin To Net: NetName=GND Pin=u4-15
Added Pin To Net: NetName=GND Pin=u4-23
Added Pin To Net: NetName=GND Pin=u4-35
Added Pin To Net: NetName=GND Pin=u4-43
Added Pin To Net: NetName=GND Pin=u5-6
Added Pin To Net: NetName=GND Pin=u5-10
Added Pin To Net: NetName=GND Pin=u5-15
Added Pin To Net: NetName=GND Pin=u5-16
Added Pin To Net: NetName=GND Pin=u5-17
Added Pin To Net: NetName=GND Pin=u6-2
Added Pin To Net: NetName=GND Pin=vr1-1
Added Pin To Net: NetName=GND Pin=vr2-1
Added Net: Name=GND
Added Pin To Net: NetName=Home0 Pin=p11-2
Added Pin To Net: NetName=Home0 Pin=r41-1
Added Pin To Net: NetName=Home0 Pin=u4-38
Added Net: Name=Home0
Added Pin To Net: NetName=Home1 Pin=p12-2
Added Pin To Net: NetName=Home1 Pin=r42-1
Added Pin To Net: NetName=Home1 Pin=u4-37
Added Net: Name=Home1
Added Pin To Net: NetName=Home2 Pin=p13-2
Added Pin To Net: NetName=Home2 Pin=r43-1
Added Pin To Net: NetName=Home2 Pin=u4-36
Added Net: Name=Home2
Added Pin To Net: NetName=M_Reset Pin=u1_U_M_Driver1-19
Added Pin To Net: NetName=M_Reset Pin=u1_U_M_Driver2-19
Added Pin To Net: NetName=M_Reset Pin=u1_U_M_Driver3-19
Added Pin To Net: NetName=M_Reset Pin=u4-1
Added Net: Name=M_Reset
Added Pin To Net: NetName=MOSI Pin=ISP-1
Added Pin To Net: NetName=MOSI Pin=p14-3
Added Pin To Net: NetName=MOSI Pin=r34-1
Added Pin To Net: NetName=MOSI Pin=u1_U_M_Driver1-12
Added Pin To Net: NetName=MOSI Pin=u2-3
Added Pin To Net: NetName=MOSI Pin=u3-5
Added Net: Name=MOSI
Added Pin To Net: NetName=Netb1_2 Pin=b1-2
Added Pin To Net: NetName=Netb1_2 Pin=p25-1
Added Net: Name=Netb1_2
Added Pin To Net: NetName=Netc4_1 Pin=c4-1
Added Pin To Net: NetName=Netc4_1 Pin=Q1-3
Added Pin To Net: NetName=Netc4_1 Pin=r4-1
Added Pin To Net: NetName=Netc4_1 Pin=u4-17
Added Net: Name=Netc4_1
Added Pin To Net: NetName=Netc5_1 Pin=c5-1
Added Pin To Net: NetName=Netc5_1 Pin=Q1-1
Added Pin To Net: NetName=Netc5_1 Pin=r4-2
Added Pin To Net: NetName=Netc5_1 Pin=u4-16
Added Net: Name=Netc5_1
Added Pin To Net: NetName=Netc6_2 Pin=c6-2
Added Pin To Net: NetName=Netc6_2 Pin=u4-42
Added Net: Name=Netc6_2
Added Pin To Net: NetName=Netc7_1 Pin=c7-1
Added Pin To Net: NetName=Netc7_1 Pin=c32-1
Added Pin To Net: NetName=Netc7_1 Pin=fb2-2
Added Pin To Net: NetName=Netc7_1 Pin=u4-24
Added Pin To Net: NetName=Netc7_1 Pin=u4-44
Added Net: Name=Netc7_1
Added Pin To Net: NetName=Netc13_U_M_Driver1_2 Pin=c13_U_M_Driver1-2
Added Pin To Net: NetName=Netc13_U_M_Driver1_2 Pin=c15_U_M_Driver1-2
Added Pin To Net: NetName=Netc13_U_M_Driver1_2 Pin=tp4_U_M_Driver1-1
Added Pin To Net: NetName=Netc13_U_M_Driver1_2 Pin=u1_U_M_Driver1-58
Added Pin To Net: NetName=Netc13_U_M_Driver1_2 Pin=u1_U_M_Driver1-60
Added Net: Name=Netc13_U_M_Driver1_2
Added Pin To Net: NetName=Netc13_U_M_Driver2_2 Pin=c13_U_M_Driver2-2
Added Pin To Net: NetName=Netc13_U_M_Driver2_2 Pin=c15_U_M_Driver2-2
Added Pin To Net: NetName=Netc13_U_M_Driver2_2 Pin=tp4_U_M_Driver2-1
Added Pin To Net: NetName=Netc13_U_M_Driver2_2 Pin=u1_U_M_Driver2-58
Added Pin To Net: NetName=Netc13_U_M_Driver2_2 Pin=u1_U_M_Driver2-60
Added Net: Name=Netc13_U_M_Driver2_2
Added Pin To Net: NetName=Netc13_U_M_Driver3_2 Pin=c13_U_M_Driver3-2
Added Pin To Net: NetName=Netc13_U_M_Driver3_2 Pin=c15_U_M_Driver3-2
Added Pin To Net: NetName=Netc13_U_M_Driver3_2 Pin=tp4_U_M_Driver3-1
Added Pin To Net: NetName=Netc13_U_M_Driver3_2 Pin=u1_U_M_Driver3-58
Added Pin To Net: NetName=Netc13_U_M_Driver3_2 Pin=u1_U_M_Driver3-60
Added Net: Name=Netc13_U_M_Driver3_2
Added Pin To Net: NetName=Netc14_U_M_Driver1_1 Pin=c14_U_M_Driver1-1
Added Pin To Net: NetName=Netc14_U_M_Driver1_1 Pin=d3_U_M_Driver1-2
Added Net: Name=Netc14_U_M_Driver1_1
Added Pin To Net: NetName=Netc14_U_M_Driver1_2 Pin=c14_U_M_Driver1-2
Added Pin To Net: NetName=Netc14_U_M_Driver1_2 Pin=u1_U_M_Driver1-57
Added Net: Name=Netc14_U_M_Driver1_2
Added Pin To Net: NetName=Netc14_U_M_Driver2_1 Pin=c14_U_M_Driver2-1
Added Pin To Net: NetName=Netc14_U_M_Driver2_1 Pin=d3_U_M_Driver2-2
Added Net: Name=Netc14_U_M_Driver2_1
Added Pin To Net: NetName=Netc14_U_M_Driver2_2 Pin=c14_U_M_Driver2-2
Added Pin To Net: NetName=Netc14_U_M_Driver2_2 Pin=u1_U_M_Driver2-57
Added Net: Name=Netc14_U_M_Driver2_2
Added Pin To Net: NetName=Netc14_U_M_Driver3_1 Pin=c14_U_M_Driver3-1
Added Pin To Net: NetName=Netc14_U_M_Driver3_1 Pin=d3_U_M_Driver3-2
Added Net: Name=Netc14_U_M_Driver3_1
Added Pin To Net: NetName=Netc14_U_M_Driver3_2 Pin=c14_U_M_Driver3-2
Added Pin To Net: NetName=Netc14_U_M_Driver3_2 Pin=u1_U_M_Driver3-57
Added Net: Name=Netc14_U_M_Driver3_2
Added Pin To Net: NetName=Netc16_U_M_Driver1_1 Pin=c16_U_M_Driver1-1
Added Pin To Net: NetName=Netc16_U_M_Driver1_1 Pin=d3_U_M_Driver1-3
Added Pin To Net: NetName=Netc16_U_M_Driver1_1 Pin=tp2_U_M_Driver1-1
Added Pin To Net: NetName=Netc16_U_M_Driver1_1 Pin=u1_U_M_Driver1-56
Added Net: Name=Netc16_U_M_Driver1_1
Added Pin To Net: NetName=Netc16_U_M_Driver2_1 Pin=c16_U_M_Driver2-1
Added Pin To Net: NetName=Netc16_U_M_Driver2_1 Pin=d3_U_M_Driver2-3
Added Pin To Net: NetName=Netc16_U_M_Driver2_1 Pin=tp2_U_M_Driver2-1
Added Pin To Net: NetName=Netc16_U_M_Driver2_1 Pin=u1_U_M_Driver2-56
Added Net: Name=Netc16_U_M_Driver2_1
Added Pin To Net: NetName=Netc16_U_M_Driver3_1 Pin=c16_U_M_Driver3-1
Added Pin To Net: NetName=Netc16_U_M_Driver3_1 Pin=d3_U_M_Driver3-3
Added Pin To Net: NetName=Netc16_U_M_Driver3_1 Pin=tp2_U_M_Driver3-1
Added Pin To Net: NetName=Netc16_U_M_Driver3_1 Pin=u1_U_M_Driver3-56
Added Net: Name=Netc16_U_M_Driver3_1
Added Pin To Net: NetName=Netc27_1 Pin=c27-1
Added Pin To Net: NetName=Netc27_1 Pin=u5-3
Added Net: Name=Netc27_1
Added Pin To Net: NetName=Netc28_2 Pin=c28-2
Added Pin To Net: NetName=Netc28_2 Pin=u5-4
Added Net: Name=Netc28_2
Added Pin To Net: NetName=Netc30_1 Pin=c30-1
Added Pin To Net: NetName=Netc30_1 Pin=r20-2
Added Pin To Net: NetName=Netc30_1 Pin=r50-2
Added Pin To Net: NetName=Netc30_1 Pin=u5-9
Added Net: Name=Netc30_1
Added Pin To Net: NetName=Netc40_2 Pin=c40-2
Added Pin To Net: NetName=Netc40_2 Pin=p24-1
Added Net: Name=Netc40_2
Added Pin To Net: NetName=Netc41_2 Pin=c41-2
Added Pin To Net: NetName=Netc41_2 Pin=d4-2
Added Pin To Net: NetName=Netc41_2 Pin=r19-1
Added Pin To Net: NetName=Netc41_2 Pin=u2-1
Added Pin To Net: NetName=Netc41_2 Pin=u2-20
Added Net: Name=Netc41_2
Added Pin To Net: NetName=Netd2_U_M_Driver1_1 Pin=d2_U_M_Driver1-1
Added Pin To Net: NetName=Netd2_U_M_Driver1_1 Pin=r5_U_M_Driver1-2
Added Pin To Net: NetName=Netd2_U_M_Driver1_1 Pin=u1_U_M_Driver1-61
Added Net: Name=Netd2_U_M_Driver1_1
Added Pin To Net: NetName=Netd2_U_M_Driver2_1 Pin=d2_U_M_Driver2-1
Added Pin To Net: NetName=Netd2_U_M_Driver2_1 Pin=r5_U_M_Driver2-2
Added Pin To Net: NetName=Netd2_U_M_Driver2_1 Pin=u1_U_M_Driver2-61
Added Net: Name=Netd2_U_M_Driver2_1
Added Pin To Net: NetName=Netd2_U_M_Driver3_1 Pin=d2_U_M_Driver3-1
Added Pin To Net: NetName=Netd2_U_M_Driver3_1 Pin=r5_U_M_Driver3-2
Added Pin To Net: NetName=Netd2_U_M_Driver3_1 Pin=u1_U_M_Driver3-61
Added Net: Name=Netd2_U_M_Driver3_1
Added Pin To Net: NetName=Netd7_U_M_Driver1_2 Pin=d7_U_M_Driver1-2
Added Pin To Net: NetName=Netd7_U_M_Driver1_2 Pin=r48_U_M_Driver1-2
Added Net: Name=Netd7_U_M_Driver1_2
Added Pin To Net: NetName=Netd7_U_M_Driver2_2 Pin=d7_U_M_Driver2-2
Added Pin To Net: NetName=Netd7_U_M_Driver2_2 Pin=r48_U_M_Driver2-2
Added Net: Name=Netd7_U_M_Driver2_2
Added Pin To Net: NetName=Netd7_U_M_Driver3_2 Pin=d7_U_M_Driver3-2
Added Pin To Net: NetName=Netd7_U_M_Driver3_2 Pin=r48_U_M_Driver3-2
Added Net: Name=Netd7_U_M_Driver3_2
Added Pin To Net: NetName=Netd8_1 Pin=d8-1
Added Pin To Net: NetName=Netd8_1 Pin=r21-1
Added Net: Name=Netd8_1
Added Pin To Net: NetName=Netd9_2 Pin=d9-2
Added Pin To Net: NetName=Netd9_2 Pin=r25-1
Added Net: Name=Netd9_2
Added Pin To Net: NetName=Netd10_2 Pin=d10-2
Added Pin To Net: NetName=Netd10_2 Pin=r26-1
Added Net: Name=Netd10_2
Added Pin To Net: NetName=Netd11_2 Pin=d11-2
Added Pin To Net: NetName=Netd11_2 Pin=r27-1
Added Net: Name=Netd11_2
Added Pin To Net: NetName=Netd12_2 Pin=d12-2
Added Pin To Net: NetName=Netd12_2 Pin=r28-1
Added Net: Name=Netd12_2
Added Pin To Net: NetName=Netd13_2 Pin=d13-2
Added Pin To Net: NetName=Netd13_2 Pin=r49-1
Added Net: Name=Netd13_2
Added Pin To Net: NetName=Netf1_1 Pin=f1-1
Added Pin To Net: NetName=Netf1_1 Pin=p1-1
Added Pin To Net: NetName=Netf1_1 Pin=u6-5
Added Net: Name=Netf1_1
Added Pin To Net: NetName=Netk1_2 Pin=k1-2
Added Pin To Net: NetName=Netk1_2 Pin=k1-7
Added Pin To Net: NetName=Netk1_2 Pin=p16-3
Added Net: Name=Netk1_2
Added Pin To Net: NetName=Netk1_3 Pin=k1-3
Added Pin To Net: NetName=Netk1_3 Pin=k1-6
Added Pin To Net: NetName=Netk1_3 Pin=p16-2
Added Net: Name=Netk1_3
Added Pin To Net: NetName=Netk1_4 Pin=k1-4
Added Pin To Net: NetName=Netk1_4 Pin=k1-5
Added Pin To Net: NetName=Netk1_4 Pin=p16-1
Added Net: Name=Netk1_4
Added Pin To Net: NetName=Netk2_2 Pin=k2-2
Added Pin To Net: NetName=Netk2_2 Pin=k2-7
Added Pin To Net: NetName=Netk2_2 Pin=p17-3
Added Net: Name=Netk2_2
Added Pin To Net: NetName=Netk2_3 Pin=k2-3
Added Pin To Net: NetName=Netk2_3 Pin=k2-6
Added Pin To Net: NetName=Netk2_3 Pin=p17-2
Added Net: Name=Netk2_3
Added Pin To Net: NetName=Netk2_4 Pin=k2-4
Added Pin To Net: NetName=Netk2_4 Pin=k2-5
Added Pin To Net: NetName=Netk2_4 Pin=p17-1
Added Net: Name=Netk2_4
Added Pin To Net: NetName=Netk3_2 Pin=k3-2
Added Pin To Net: NetName=Netk3_2 Pin=k3-7
Added Pin To Net: NetName=Netk3_2 Pin=p18-3
Added Net: Name=Netk3_2
Added Pin To Net: NetName=Netk3_3 Pin=k3-3
Added Pin To Net: NetName=Netk3_3 Pin=k3-6
Added Pin To Net: NetName=Netk3_3 Pin=p18-2
Added Net: Name=Netk3_3
Added Pin To Net: NetName=Netk3_4 Pin=k3-4
Added Pin To Net: NetName=Netk3_4 Pin=k3-5
Added Pin To Net: NetName=Netk3_4 Pin=p18-1
Added Net: Name=Netk3_4
Added Pin To Net: NetName=Netk4_2 Pin=k4-2
Added Pin To Net: NetName=Netk4_2 Pin=k4-7
Added Pin To Net: NetName=Netk4_2 Pin=p19-3
Added Net: Name=Netk4_2
Added Pin To Net: NetName=Netk4_3 Pin=k4-3
Added Pin To Net: NetName=Netk4_3 Pin=k4-6
Added Pin To Net: NetName=Netk4_3 Pin=p19-2
Added Net: Name=Netk4_3
Added Pin To Net: NetName=Netk4_4 Pin=k4-4
Added Pin To Net: NetName=Netk4_4 Pin=k4-5
Added Pin To Net: NetName=Netk4_4 Pin=p19-1
Added Net: Name=Netk4_4
Added Pin To Net: NetName=Netp1_2 Pin=p1-2
Added Pin To Net: NetName=Netp1_2 Pin=u6-4
Added Pin To Net: NetName=Netp1_2 Pin=vr2-2
Added Net: Name=Netp1_2
Added Pin To Net: NetName=Netp1_3 Pin=p1-3
Added Pin To Net: NetName=Netp1_3 Pin=u6-6
Added Pin To Net: NetName=Netp1_3 Pin=vr1-2
Added Net: Name=Netp1_3
Added Pin To Net: NetName=Netr2_1 Pin=r2-1
Added Pin To Net: NetName=Netr2_1 Pin=u6-1
Added Net: Name=Netr2_1
Added Pin To Net: NetName=Netr3_1 Pin=r3-1
Added Pin To Net: NetName=Netr3_1 Pin=u6-3
Added Net: Name=Netr3_1
Added Pin To Net: NetName=Netr6_U_M_Driver1_1 Pin=r6_U_M_Driver1-1
Added Pin To Net: NetName=Netr6_U_M_Driver1_1 Pin=r7_U_M_Driver1-2
Added Pin To Net: NetName=Netr6_U_M_Driver1_1 Pin=u1_U_M_Driver1-54
Added Net: Name=Netr6_U_M_Driver1_1
Added Pin To Net: NetName=Netr6_U_M_Driver2_1 Pin=r6_U_M_Driver2-1
Added Pin To Net: NetName=Netr6_U_M_Driver2_1 Pin=r7_U_M_Driver2-2
Added Pin To Net: NetName=Netr6_U_M_Driver2_1 Pin=u1_U_M_Driver2-54
Added Net: Name=Netr6_U_M_Driver2_1
Added Pin To Net: NetName=Netr6_U_M_Driver3_1 Pin=r6_U_M_Driver3-1
Added Pin To Net: NetName=Netr6_U_M_Driver3_1 Pin=r7_U_M_Driver3-2
Added Pin To Net: NetName=Netr6_U_M_Driver3_1 Pin=u1_U_M_Driver3-54
Added Net: Name=Netr6_U_M_Driver3_1
Added Pin To Net: NetName=Netr8_1 Pin=r8-1
Added Pin To Net: NetName=Netr8_1 Pin=r12-1
Added Pin To Net: NetName=Netr8_1 Pin=r13-2
Added Net: Name=Netr8_1
Added Pin To Net: NetName=Netr8_2 Pin=r8-2
Added Pin To Net: NetName=Netr8_2 Pin=s1-1
Added Net: Name=Netr8_2
Added Pin To Net: NetName=Netr9_1 Pin=r9-1
Added Pin To Net: NetName=Netr9_1 Pin=r15-1
Added Pin To Net: NetName=Netr9_1 Pin=u4-41
Added Net: Name=Netr9_1
Added Pin To Net: NetName=Netr9_2 Pin=r9-2
Added Pin To Net: NetName=Netr9_2 Pin=s1-4
Added Net: Name=Netr9_2
Added Pin To Net: NetName=Netr10_1 Pin=r10-1
Added Pin To Net: NetName=Netr10_1 Pin=r13-1
Added Pin To Net: NetName=Netr10_1 Pin=r14-2
Added Net: Name=Netr10_1
Added Pin To Net: NetName=Netr10_2 Pin=r10-2
Added Pin To Net: NetName=Netr10_2 Pin=s1-2
Added Net: Name=Netr10_2
Added Pin To Net: NetName=Netr11_1 Pin=r11-1
Added Pin To Net: NetName=Netr11_1 Pin=r14-1
Added Pin To Net: NetName=Netr11_1 Pin=r15-2
Added Net: Name=Netr11_1
Added Pin To Net: NetName=Netr11_2 Pin=r11-2
Added Pin To Net: NetName=Netr11_2 Pin=s1-3
Added Net: Name=Netr11_2
Added Pin To Net: NetName=Netr16_2 Pin=r16-2
Added Pin To Net: NetName=Netr16_2 Pin=u4-33
Added Net: Name=Netr16_2
Added Pin To Net: NetName=Netr17_U_M_Driver1_2 Pin=r17_U_M_Driver1-2
Added Pin To Net: NetName=Netr17_U_M_Driver1_2 Pin=u1_U_M_Driver1-20
Added Pin To Net: NetName=Netr17_U_M_Driver1_2 Pin=u1_U_M_Driver1-34
Added Pin To Net: NetName=Netr17_U_M_Driver1_2 Pin=u1_U_M_Driver1-35
Added Pin To Net: NetName=Netr17_U_M_Driver1_2 Pin=u1_U_M_Driver1-36
Added Pin To Net: NetName=Netr17_U_M_Driver1_2 Pin=u1_U_M_Driver1-39
Added Pin To Net: NetName=Netr17_U_M_Driver1_2 Pin=u1_U_M_Driver1-40
Added Pin To Net: NetName=Netr17_U_M_Driver1_2 Pin=u1_U_M_Driver1-41
Added Net: Name=Netr17_U_M_Driver1_2
Added Pin To Net: NetName=Netr17_U_M_Driver2_2 Pin=r17_U_M_Driver2-2
Added Pin To Net: NetName=Netr17_U_M_Driver2_2 Pin=u1_U_M_Driver2-20
Added Pin To Net: NetName=Netr17_U_M_Driver2_2 Pin=u1_U_M_Driver2-34
Added Pin To Net: NetName=Netr17_U_M_Driver2_2 Pin=u1_U_M_Driver2-35
Added Pin To Net: NetName=Netr17_U_M_Driver2_2 Pin=u1_U_M_Driver2-36
Added Pin To Net: NetName=Netr17_U_M_Driver2_2 Pin=u1_U_M_Driver2-39
Added Pin To Net: NetName=Netr17_U_M_Driver2_2 Pin=u1_U_M_Driver2-40
Added Pin To Net: NetName=Netr17_U_M_Driver2_2 Pin=u1_U_M_Driver2-41
Added Net: Name=Netr17_U_M_Driver2_2
Added Pin To Net: NetName=Netr17_U_M_Driver3_2 Pin=r17_U_M_Driver3-2
Added Pin To Net: NetName=Netr17_U_M_Driver3_2 Pin=u1_U_M_Driver3-20
Added Pin To Net: NetName=Netr17_U_M_Driver3_2 Pin=u1_U_M_Driver3-34
Added Pin To Net: NetName=Netr17_U_M_Driver3_2 Pin=u1_U_M_Driver3-35
Added Pin To Net: NetName=Netr17_U_M_Driver3_2 Pin=u1_U_M_Driver3-36
Added Pin To Net: NetName=Netr17_U_M_Driver3_2 Pin=u1_U_M_Driver3-39
Added Pin To Net: NetName=Netr17_U_M_Driver3_2 Pin=u1_U_M_Driver3-40
Added Pin To Net: NetName=Netr17_U_M_Driver3_2 Pin=u1_U_M_Driver3-41
Added Net: Name=Netr17_U_M_Driver3_2
Added Pin To Net: NetName=Netr18_U_M_Driver1_2 Pin=r18_U_M_Driver1-2
Added Pin To Net: NetName=Netr18_U_M_Driver1_2 Pin=u1_U_M_Driver1-9
Added Pin To Net: NetName=Netr18_U_M_Driver1_2 Pin=u1_U_M_Driver1-77
Added Pin To Net: NetName=Netr18_U_M_Driver1_2 Pin=u1_U_M_Driver1-78
Added Pin To Net: NetName=Netr18_U_M_Driver1_2 Pin=u1_U_M_Driver1-79
Added Pin To Net: NetName=Netr18_U_M_Driver1_2 Pin=u1_U_M_Driver1-82
Added Pin To Net: NetName=Netr18_U_M_Driver1_2 Pin=u1_U_M_Driver1-83
Added Pin To Net: NetName=Netr18_U_M_Driver1_2 Pin=u1_U_M_Driver1-84
Added Net: Name=Netr18_U_M_Driver1_2
Added Pin To Net: NetName=Netr18_U_M_Driver2_2 Pin=r18_U_M_Driver2-2
Added Pin To Net: NetName=Netr18_U_M_Driver2_2 Pin=u1_U_M_Driver2-9
Added Pin To Net: NetName=Netr18_U_M_Driver2_2 Pin=u1_U_M_Driver2-77
Added Pin To Net: NetName=Netr18_U_M_Driver2_2 Pin=u1_U_M_Driver2-78
Added Pin To Net: NetName=Netr18_U_M_Driver2_2 Pin=u1_U_M_Driver2-79
Added Pin To Net: NetName=Netr18_U_M_Driver2_2 Pin=u1_U_M_Driver2-82
Added Pin To Net: NetName=Netr18_U_M_Driver2_2 Pin=u1_U_M_Driver2-83
Added Pin To Net: NetName=Netr18_U_M_Driver2_2 Pin=u1_U_M_Driver2-84
Added Net: Name=Netr18_U_M_Driver2_2
Added Pin To Net: NetName=Netr18_U_M_Driver3_2 Pin=r18_U_M_Driver3-2
Added Pin To Net: NetName=Netr18_U_M_Driver3_2 Pin=u1_U_M_Driver3-9
Added Pin To Net: NetName=Netr18_U_M_Driver3_2 Pin=u1_U_M_Driver3-77
Added Pin To Net: NetName=Netr18_U_M_Driver3_2 Pin=u1_U_M_Driver3-78
Added Pin To Net: NetName=Netr18_U_M_Driver3_2 Pin=u1_U_M_Driver3-79
Added Pin To Net: NetName=Netr18_U_M_Driver3_2 Pin=u1_U_M_Driver3-82
Added Pin To Net: NetName=Netr18_U_M_Driver3_2 Pin=u1_U_M_Driver3-83
Added Pin To Net: NetName=Netr18_U_M_Driver3_2 Pin=u1_U_M_Driver3-84
Added Net: Name=Netr18_U_M_Driver3_2
Added Pin To Net: NetName=Netr22_U_M_Driver1_2 Pin=r22_U_M_Driver1-2
Added Pin To Net: NetName=Netr22_U_M_Driver1_2 Pin=r48_U_M_Driver1-1
Added Pin To Net: NetName=Netr22_U_M_Driver1_2 Pin=u1_U_M_Driver1-15
Added Net: Name=Netr22_U_M_Driver1_2
Added Pin To Net: NetName=Netr22_U_M_Driver2_2 Pin=r22_U_M_Driver2-2
Added Pin To Net: NetName=Netr22_U_M_Driver2_2 Pin=r48_U_M_Driver2-1
Added Pin To Net: NetName=Netr22_U_M_Driver2_2 Pin=u1_U_M_Driver2-15
Added Net: Name=Netr22_U_M_Driver2_2
Added Pin To Net: NetName=Netr22_U_M_Driver3_2 Pin=r22_U_M_Driver3-2
Added Pin To Net: NetName=Netr22_U_M_Driver3_2 Pin=r48_U_M_Driver3-1
Added Pin To Net: NetName=Netr22_U_M_Driver3_2 Pin=u1_U_M_Driver3-15
Added Net: Name=Netr22_U_M_Driver3_2
Added Pin To Net: NetName=Netr24_U_M_Driver1_1 Pin=r24_U_M_Driver1-1
Added Pin To Net: NetName=Netr24_U_M_Driver1_1 Pin=u1_U_M_Driver1-64
Added Net: Name=Netr24_U_M_Driver1_1
Added Pin To Net: NetName=Netr24_U_M_Driver1_2 Pin=r24_U_M_Driver1-2
Added Pin To Net: NetName=Netr24_U_M_Driver1_2 Pin=u1_U_M_Driver1-63
Added Net: Name=Netr24_U_M_Driver1_2
Added Pin To Net: NetName=Netr24_U_M_Driver2_1 Pin=r24_U_M_Driver2-1
Added Pin To Net: NetName=Netr24_U_M_Driver2_1 Pin=u1_U_M_Driver2-64
Added Net: Name=Netr24_U_M_Driver2_1
Added Pin To Net: NetName=Netr24_U_M_Driver2_2 Pin=r24_U_M_Driver2-2
Added Pin To Net: NetName=Netr24_U_M_Driver2_2 Pin=u1_U_M_Driver2-63
Added Net: Name=Netr24_U_M_Driver2_2
Added Pin To Net: NetName=Netr24_U_M_Driver3_1 Pin=r24_U_M_Driver3-1
Added Pin To Net: NetName=Netr24_U_M_Driver3_1 Pin=u1_U_M_Driver3-64
Added Net: Name=Netr24_U_M_Driver3_1
Added Pin To Net: NetName=Netr24_U_M_Driver3_2 Pin=r24_U_M_Driver3-2
Added Pin To Net: NetName=Netr24_U_M_Driver3_2 Pin=u1_U_M_Driver3-63
Added Net: Name=Netr24_U_M_Driver3_2
Added Pin To Net: NetName=Netr33_2 Pin=r33-2
Added Pin To Net: NetName=Netr33_2 Pin=u4-29
Added Net: Name=Netr33_2
Added Pin To Net: NetName=Netr34_2 Pin=r34-2
Added Pin To Net: NetName=Netr34_2 Pin=u4-10
Added Net: Name=Netr34_2
Added Pin To Net: NetName=Netr35_2 Pin=r35-2
Added Pin To Net: NetName=Netr35_2 Pin=u4-9
Added Net: Name=Netr35_2
Added Pin To Net: NetName=Netr36_2 Pin=r36-2
Added Pin To Net: NetName=Netr36_2 Pin=u4-28
Added Net: Name=Netr36_2
Added Pin To Net: NetName=Netr37_2 Pin=r37-2
Added Pin To Net: NetName=Netr37_2 Pin=u4-8
Added Net: Name=Netr37_2
Added Pin To Net: NetName=Netr38_2 Pin=r38-2
Added Pin To Net: NetName=Netr38_2 Pin=u4-11
Added Net: Name=Netr38_2
Added Pin To Net: NetName=Netr44_1 Pin=r44-1
Added Pin To Net: NetName=Netr44_1 Pin=sw1-2
Added Net: Name=Netr44_1
Added Pin To Net: NetName=OUTA1_1 Pin=p3-4
Added Pin To Net: NetName=OUTA1_1 Pin=u1_U_M_Driver1-38
Added Pin To Net: NetName=OUTA1_1 Pin=u1_U_M_Driver1-42
Added Pin To Net: NetName=OUTA1_1 Pin=u1_U_M_Driver1-53
Added Pin To Net: NetName=OUTA1_1 Pin=u1_U_M_Driver1-94
Added Net: Name=OUTA1_1
Added Pin To Net: NetName=OUTA1_2 Pin=p4-4
Added Pin To Net: NetName=OUTA1_2 Pin=u1_U_M_Driver2-38
Added Pin To Net: NetName=OUTA1_2 Pin=u1_U_M_Driver2-42
Added Pin To Net: NetName=OUTA1_2 Pin=u1_U_M_Driver2-53
Added Pin To Net: NetName=OUTA1_2 Pin=u1_U_M_Driver2-94
Added Net: Name=OUTA1_2
Added Pin To Net: NetName=OUTA1_3 Pin=p5-4
Added Pin To Net: NetName=OUTA1_3 Pin=u1_U_M_Driver3-38
Added Pin To Net: NetName=OUTA1_3 Pin=u1_U_M_Driver3-42
Added Pin To Net: NetName=OUTA1_3 Pin=u1_U_M_Driver3-53
Added Pin To Net: NetName=OUTA1_3 Pin=u1_U_M_Driver3-94
Added Net: Name=OUTA1_3
Added Pin To Net: NetName=OUTA2_1 Pin=p3-1
Added Pin To Net: NetName=OUTA2_1 Pin=u1_U_M_Driver1-22
Added Pin To Net: NetName=OUTA2_1 Pin=u1_U_M_Driver1-33
Added Pin To Net: NetName=OUTA2_1 Pin=u1_U_M_Driver1-37
Added Pin To Net: NetName=OUTA2_1 Pin=u1_U_M_Driver1-93
Added Net: Name=OUTA2_1
Added Pin To Net: NetName=OUTA2_2 Pin=p4-1
Added Pin To Net: NetName=OUTA2_2 Pin=u1_U_M_Driver2-22
Added Pin To Net: NetName=OUTA2_2 Pin=u1_U_M_Driver2-33
Added Pin To Net: NetName=OUTA2_2 Pin=u1_U_M_Driver2-37
Added Pin To Net: NetName=OUTA2_2 Pin=u1_U_M_Driver2-93
Added Net: Name=OUTA2_2
Added Pin To Net: NetName=OUTA2_3 Pin=p5-1
Added Pin To Net: NetName=OUTA2_3 Pin=u1_U_M_Driver3-22
Added Pin To Net: NetName=OUTA2_3 Pin=u1_U_M_Driver3-33
Added Pin To Net: NetName=OUTA2_3 Pin=u1_U_M_Driver3-37
Added Pin To Net: NetName=OUTA2_3 Pin=u1_U_M_Driver3-93
Added Net: Name=OUTA2_3
Added Pin To Net: NetName=OUTB1_1 Pin=p3-3
Added Pin To Net: NetName=OUTB1_1 Pin=u1_U_M_Driver1-65
Added Pin To Net: NetName=OUTB1_1 Pin=u1_U_M_Driver1-76
Added Pin To Net: NetName=OUTB1_1 Pin=u1_U_M_Driver1-80
Added Pin To Net: NetName=OUTB1_1 Pin=u1_U_M_Driver1-97
Added Net: Name=OUTB1_1
Added Pin To Net: NetName=OUTB1_2 Pin=p4-3
Added Pin To Net: NetName=OUTB1_2 Pin=u1_U_M_Driver2-65
Added Pin To Net: NetName=OUTB1_2 Pin=u1_U_M_Driver2-76
Added Pin To Net: NetName=OUTB1_2 Pin=u1_U_M_Driver2-80
Added Pin To Net: NetName=OUTB1_2 Pin=u1_U_M_Driver2-97
Added Net: Name=OUTB1_2
Added Pin To Net: NetName=OUTB1_3 Pin=p5-3
Added Pin To Net: NetName=OUTB1_3 Pin=u1_U_M_Driver3-65
Added Pin To Net: NetName=OUTB1_3 Pin=u1_U_M_Driver3-76
Added Pin To Net: NetName=OUTB1_3 Pin=u1_U_M_Driver3-80
Added Pin To Net: NetName=OUTB1_3 Pin=u1_U_M_Driver3-97
Added Net: Name=OUTB1_3
Added Pin To Net: NetName=OUTB2_1 Pin=p3-2
Added Pin To Net: NetName=OUTB2_1 Pin=u1_U_M_Driver1-7
Added Pin To Net: NetName=OUTB2_1 Pin=u1_U_M_Driver1-81
Added Pin To Net: NetName=OUTB2_1 Pin=u1_U_M_Driver1-85
Added Pin To Net: NetName=OUTB2_1 Pin=u1_U_M_Driver1-98
Added Net: Name=OUTB2_1
Added Pin To Net: NetName=OUTB2_2 Pin=p4-2
Added Pin To Net: NetName=OUTB2_2 Pin=u1_U_M_Driver2-7
Added Pin To Net: NetName=OUTB2_2 Pin=u1_U_M_Driver2-81
Added Pin To Net: NetName=OUTB2_2 Pin=u1_U_M_Driver2-85
Added Pin To Net: NetName=OUTB2_2 Pin=u1_U_M_Driver2-98
Added Net: Name=OUTB2_2
Added Pin To Net: NetName=OUTB2_3 Pin=p5-2
Added Pin To Net: NetName=OUTB2_3 Pin=u1_U_M_Driver3-7
Added Pin To Net: NetName=OUTB2_3 Pin=u1_U_M_Driver3-81
Added Pin To Net: NetName=OUTB2_3 Pin=u1_U_M_Driver3-85
Added Pin To Net: NetName=OUTB2_3 Pin=u1_U_M_Driver3-98
Added Net: Name=OUTB2_3
Added Pin To Net: NetName=PS Pin=D5-2
Added Pin To Net: NetName=PS Pin=d6-1
Added Pin To Net: NetName=PS Pin=d6-3
Added Pin To Net: NetName=PS Pin=p22-1
Added Net: Name=PS
Added Pin To Net: NetName=PSU_O Pin=b1-1
Added Pin To Net: NetName=PSU_O Pin=c29-2
Added Pin To Net: NetName=PSU_O Pin=c30-2
Added Pin To Net: NetName=PSU_O Pin=c31-2
Added Pin To Net: NetName=PSU_O Pin=L1-2
Added Pin To Net: NetName=PSU_O Pin=r50-1
Added Pin To Net: NetName=PSU_O Pin=tp1-1
Added Pin To Net: NetName=PSU_O Pin=u5-5
Added Net: Name=PSU_O
Added Pin To Net: NetName=PWM Pin=p15-2
Added Pin To Net: NetName=PWM Pin=u4-12
Added Net: Name=PWM
Added Pin To Net: NetName=R\E\S\E\T\ Pin=d1-2
Added Pin To Net: NetName=R\E\S\E\T\ Pin=ISP-5
Added Pin To Net: NetName=R\E\S\E\T\ Pin=p24-2
Added Pin To Net: NetName=R\E\S\E\T\ Pin=r1-1
Added Pin To Net: NetName=R\E\S\E\T\ Pin=r44-2
Added Pin To Net: NetName=R\E\S\E\T\ Pin=u4-13
Added Net: Name=R\E\S\E\T\
Added Pin To Net: NetName=Relay_COM Pin=p20-3
Added Pin To Net: NetName=Relay_COM Pin=p21-3
Added Net: Name=Relay_COM
Added Pin To Net: NetName=Relay_OUT1 Pin=k1-1
Added Pin To Net: NetName=Relay_OUT1 Pin=r25-2
Added Pin To Net: NetName=Relay_OUT1 Pin=u2-18
Added Net: Name=Relay_OUT1
Added Pin To Net: NetName=Relay_OUT2 Pin=k2-1
Added Pin To Net: NetName=Relay_OUT2 Pin=r26-2
Added Pin To Net: NetName=Relay_OUT2 Pin=u2-17
Added Net: Name=Relay_OUT2
Added Pin To Net: NetName=Relay_OUT3 Pin=k3-1
Added Pin To Net: NetName=Relay_OUT3 Pin=r27-2
Added Pin To Net: NetName=Relay_OUT3 Pin=u2-15
Added Net: Name=Relay_OUT3
Added Pin To Net: NetName=Relay_OUT4 Pin=k4-1
Added Pin To Net: NetName=Relay_OUT4 Pin=r28-2
Added Pin To Net: NetName=Relay_OUT4 Pin=u2-14
Added Net: Name=Relay_OUT4
Added Pin To Net: NetName=Relay_OUT5 Pin=p21-2
Added Pin To Net: NetName=Relay_OUT5 Pin=u2-12
Added Net: Name=Relay_OUT5
Added Pin To Net: NetName=Relay_OUT6 Pin=p21-1
Added Pin To Net: NetName=Relay_OUT6 Pin=u2-11
Added Net: Name=Relay_OUT6
Added Pin To Net: NetName=Relay_OUT7 Pin=p20-2
Added Pin To Net: NetName=Relay_OUT7 Pin=u2-9
Added Net: Name=Relay_OUT7
Added Pin To Net: NetName=Relay_OUT8 Pin=p20-1
Added Pin To Net: NetName=Relay_OUT8 Pin=u2-8
Added Net: Name=Relay_OUT8
Added Pin To Net: NetName=RX Pin=p23-2
Added Pin To Net: NetName=RX Pin=u4-20
Added Net: Name=RX
Added Pin To Net: NetName=SCK Pin=ISP-3
Added Pin To Net: NetName=SCK Pin=p14-2
Added Pin To Net: NetName=SCK Pin=r35-1
Added Pin To Net: NetName=SCK Pin=u1_U_M_Driver1-11
Added Pin To Net: NetName=SCK Pin=u1_U_M_Driver2-11
Added Pin To Net: NetName=SCK Pin=u1_U_M_Driver3-11
Added Pin To Net: NetName=SCK Pin=u2-4
Added Pin To Net: NetName=SCK Pin=u3-6
Added Net: Name=SCK
Added Pin To Net: NetName=SDO1 Pin=u1_U_M_Driver1-14
Added Pin To Net: NetName=SDO1 Pin=u1_U_M_Driver2-12
Added Net: Name=SDO1
Added Pin To Net: NetName=SDO2 Pin=u1_U_M_Driver2-14
Added Pin To Net: NetName=SDO2 Pin=u1_U_M_Driver3-12
Added Net: Name=SDO2
Added Pin To Net: NetName=SDO3 Pin=ISP-4
Added Pin To Net: NetName=SDO3 Pin=p14-4
Added Pin To Net: NetName=SDO3 Pin=r38-1
Added Pin To Net: NetName=SDO3 Pin=u1_U_M_Driver3-14
Added Pin To Net: NetName=SDO3 Pin=u2-5
Added Pin To Net: NetName=SDO3 Pin=u3-2
Added Net: Name=SDO3
Added Pin To Net: NetName=SW_O Pin=c27-2
Added Pin To Net: NetName=SW_O Pin=L1-1
Added Pin To Net: NetName=SW_O Pin=u5-1
Added Pin To Net: NetName=SW_O Pin=u5-2
Added Net: Name=SW_O
Added Pin To Net: NetName=SW Pin=u5-2
Added Net: Name=SW
Added Pin To Net: NetName=TX Pin=p23-1
Added Pin To Net: NetName=TX Pin=u4-21
Added Net: Name=TX
Added Pin To Net: NetName=USB_N Pin=r3-2
Added Pin To Net: NetName=USB_N Pin=u4-3
Added Net: Name=USB_N
Added Pin To Net: NetName=USB_P Pin=r2-2
Added Pin To Net: NetName=USB_P Pin=u4-4
Added Net: Name=USB_P
Added Pin To Net: NetName=VIN Pin=c18-2
Added Pin To Net: NetName=VIN Pin=c42-2
Added Pin To Net: NetName=VIN Pin=D5-1
Added Pin To Net: NetName=VIN Pin=u5-12
Added Pin To Net: NetName=VIN Pin=u5-13
Added Pin To Net: NetName=VIN Pin=u5-14
Added Net: Name=VIN
Added Pin To Net: NetName=VREG_U_M_Driver1 Pin=c10_U_M_Driver1-2
Added Pin To Net: NetName=VREG_U_M_Driver1 Pin=c11_U_M_Driver1-2
Added Pin To Net: NetName=VREG_U_M_Driver1 Pin=c12_U_M_Driver1-1
Added Pin To Net: NetName=VREG_U_M_Driver1 Pin=d7_U_M_Driver1-1
Added Pin To Net: NetName=VREG_U_M_Driver1 Pin=r22_U_M_Driver1-1
Added Pin To Net: NetName=VREG_U_M_Driver1 Pin=r23_U_M_Driver1-1
Added Pin To Net: NetName=VREG_U_M_Driver1 Pin=tp3_U_M_Driver1-1
Added Pin To Net: NetName=VREG_U_M_Driver1 Pin=u1_U_M_Driver1-13
Added Pin To Net: NetName=VREG_U_M_Driver1 Pin=u1_U_M_Driver1-62
Added Net: Name=VREG_U_M_Driver1
Added Pin To Net: NetName=VREG_U_M_Driver2 Pin=c10_U_M_Driver2-2
Added Pin To Net: NetName=VREG_U_M_Driver2 Pin=c11_U_M_Driver2-2
Added Pin To Net: NetName=VREG_U_M_Driver2 Pin=c12_U_M_Driver2-1
Added Pin To Net: NetName=VREG_U_M_Driver2 Pin=d7_U_M_Driver2-1
Added Pin To Net: NetName=VREG_U_M_Driver2 Pin=r22_U_M_Driver2-1
Added Pin To Net: NetName=VREG_U_M_Driver2 Pin=r23_U_M_Driver2-1
Added Pin To Net: NetName=VREG_U_M_Driver2 Pin=tp3_U_M_Driver2-1
Added Pin To Net: NetName=VREG_U_M_Driver2 Pin=u1_U_M_Driver2-13
Added Pin To Net: NetName=VREG_U_M_Driver2 Pin=u1_U_M_Driver2-62
Added Net: Name=VREG_U_M_Driver2
Added Pin To Net: NetName=VREG_U_M_Driver3 Pin=c10_U_M_Driver3-2
Added Pin To Net: NetName=VREG_U_M_Driver3 Pin=c11_U_M_Driver3-2
Added Pin To Net: NetName=VREG_U_M_Driver3 Pin=c12_U_M_Driver3-1
Added Pin To Net: NetName=VREG_U_M_Driver3 Pin=d7_U_M_Driver3-1
Added Pin To Net: NetName=VREG_U_M_Driver3 Pin=r22_U_M_Driver3-1
Added Pin To Net: NetName=VREG_U_M_Driver3 Pin=r23_U_M_Driver3-1
Added Pin To Net: NetName=VREG_U_M_Driver3 Pin=tp3_U_M_Driver3-1
Added Pin To Net: NetName=VREG_U_M_Driver3 Pin=u1_U_M_Driver3-13
Added Pin To Net: NetName=VREG_U_M_Driver3 Pin=u1_U_M_Driver3-62
Added Net: Name=VREG_U_M_Driver3
Added Pin To Net: NetName=VS Pin=c16_U_M_Driver1-2
Added Pin To Net: NetName=VS Pin=c16_U_M_Driver2-2
Added Pin To Net: NetName=VS Pin=c16_U_M_Driver3-2
Added Pin To Net: NetName=VS Pin=c17_U_M_Driver1-2
Added Pin To Net: NetName=VS Pin=c17_U_M_Driver2-2
Added Pin To Net: NetName=VS Pin=c17_U_M_Driver3-2
Added Pin To Net: NetName=VS Pin=c19_U_M_Driver1-2
Added Pin To Net: NetName=VS Pin=c19_U_M_Driver2-2
Added Pin To Net: NetName=VS Pin=c19_U_M_Driver3-2
Added Pin To Net: NetName=VS Pin=c20_U_M_Driver1-1
Added Pin To Net: NetName=VS Pin=c20_U_M_Driver2-1
Added Pin To Net: NetName=VS Pin=c20_U_M_Driver3-1
Added Pin To Net: NetName=VS Pin=c21_U_M_Driver1-1
Added Pin To Net: NetName=VS Pin=c21_U_M_Driver2-1
Added Pin To Net: NetName=VS Pin=c21_U_M_Driver3-1
Added Pin To Net: NetName=VS Pin=c22_U_M_Driver1-1
Added Pin To Net: NetName=VS Pin=c22_U_M_Driver2-1
Added Pin To Net: NetName=VS Pin=c22_U_M_Driver3-1
Added Pin To Net: NetName=VS Pin=c23_U_M_Driver1-1
Added Pin To Net: NetName=VS Pin=c23_U_M_Driver2-1
Added Pin To Net: NetName=VS Pin=c23_U_M_Driver3-1
Added Pin To Net: NetName=VS Pin=d3_U_M_Driver1-1
Added Pin To Net: NetName=VS Pin=d3_U_M_Driver2-1
Added Pin To Net: NetName=VS Pin=d3_U_M_Driver3-1
Added Pin To Net: NetName=VS Pin=d6-4
Added Pin To Net: NetName=VS Pin=r5_U_M_Driver1-1
Added Pin To Net: NetName=VS Pin=r5_U_M_Driver2-1
Added Pin To Net: NetName=VS Pin=r5_U_M_Driver3-1
Added Pin To Net: NetName=VS Pin=r6_U_M_Driver1-2
Added Pin To Net: NetName=VS Pin=r6_U_M_Driver2-2
Added Pin To Net: NetName=VS Pin=r6_U_M_Driver3-2
Added Pin To Net: NetName=VS Pin=u1_U_M_Driver1-55
Added Pin To Net: NetName=VS Pin=u1_U_M_Driver1-91
Added Pin To Net: NetName=VS Pin=u1_U_M_Driver1-92
Added Pin To Net: NetName=VS Pin=u1_U_M_Driver1-95
Added Pin To Net: NetName=VS Pin=u1_U_M_Driver1-96
Added Pin To Net: NetName=VS Pin=u1_U_M_Driver2-55
Added Pin To Net: NetName=VS Pin=u1_U_M_Driver2-91
Added Pin To Net: NetName=VS Pin=u1_U_M_Driver2-92
Added Pin To Net: NetName=VS Pin=u1_U_M_Driver2-95
Added Pin To Net: NetName=VS Pin=u1_U_M_Driver2-96
Added Pin To Net: NetName=VS Pin=u1_U_M_Driver3-55
Added Pin To Net: NetName=VS Pin=u1_U_M_Driver3-91
Added Pin To Net: NetName=VS Pin=u1_U_M_Driver3-92
Added Pin To Net: NetName=VS Pin=u1_U_M_Driver3-95
Added Pin To Net: NetName=VS Pin=u1_U_M_Driver3-96
Added Net: Name=VS
Added Pin To Net: NetName=VUSB Pin=c8-2
Added Pin To Net: NetName=VUSB Pin=c9-1
Added Pin To Net: NetName=VUSB Pin=f1-2
Added Pin To Net: NetName=VUSB Pin=u4-7
Added Net: Name=VUSB
Added Class: Name=TOP Sheet
Added Class: Name=U_Controller
Added Class: Name=U_M_Driver1
Added Class: Name=U_M_Driver2
Added Class: Name=U_M_Driver3
Added Class: Name=U_Power Supply
Added Class: Name=U_Relais sheet
Added Class: Name=OUTA1_[1..3]
Added Class: Name=OUTA2_[1..3]
Added Class: Name=OUTB1_[1..3]
Added Class: Name=OUTB2_[1..3]
Added Class: Name=Relay_OUT[1..4]
Added Class: Name=SDO[1..3]
Added Differential Pair: Name=USB
Added Class: Name=M_Driver
Added Room: Name=U_M_Driver1
Added Room: Name=U_M_Driver2
Added Room: Name=U_M_Driver3
