Added Pin To Net: NetName=SCK Pin=u1_U_M_Driver1-10
Added Pin To Net: NetName=PS Pin=u1_U_M_Driver1-91
Added Pin To Net: NetName=PS Pin=u1_U_M_Driver1-92
Added Pin To Net: NetName=SCK Pin=u1_U_M_Driver2-10
Added Pin To Net: NetName=PS Pin=u1_U_M_Driver2-91
Added Pin To Net: NetName=PS Pin=u1_U_M_Driver2-92
Added Pin To Net: NetName=SCK Pin=u1_U_M_Driver3-10
Added Pin To Net: NetName=PS Pin=u1_U_M_Driver3-91
Added Pin To Net: NetName=PS Pin=u1_U_M_Driver3-92
Added Pin To Net: NetName=OUT1 Pin=r28-2
Added Pin To Net: NetName=OUT1 Pin=u2-18
Added Net: Name=OUT1
Added Pin To Net: NetName=OUT2 Pin=r27-2
Added Pin To Net: NetName=OUT2 Pin=u2-17
Added Net: Name=OUT2
Added Pin To Net: NetName=OUT3 Pin=r26-2
Added Pin To Net: NetName=OUT3 Pin=u2-15
Added Net: Name=OUT3
Added Pin To Net: NetName=OUT4 Pin=r25-2
Added Pin To Net: NetName=OUT4 Pin=u2-14
Added Net: Name=OUT4
Added Room: Name=TOP Sheet
Added Room: Name=U_Controller
Added Room: Name=U_M_Driver1
Added Room: Name=U_M_Driver2
Added Room: Name=U_M_Driver3
Added Room: Name=U_Power Supply
Added Room: Name=U_Relais sheet
