Removed Pin From Net: NetName=GND Pin=c10_U_M_Driver1-1
Removed Pin From Net: NetName=GND Pin=c10_U_M_Driver2-1
Removed Pin From Net: NetName=GND Pin=c10_U_M_Driver3-1
Removed Pin From Net: NetName=GND Pin=c11_U_M_Driver1-1
Removed Pin From Net: NetName=GND Pin=c11_U_M_Driver2-1
Removed Pin From Net: NetName=GND Pin=c11_U_M_Driver3-1
Removed Pin From Net: NetName=GND Pin=c12_U_M_Driver1-2
Removed Pin From Net: NetName=GND Pin=c12_U_M_Driver2-2
Removed Pin From Net: NetName=GND Pin=c12_U_M_Driver3-2
Removed Pin From Net: NetName=GND Pin=c13_U_M_Driver1-1
Removed Pin From Net: NetName=GND Pin=c13_U_M_Driver2-1
Removed Pin From Net: NetName=GND Pin=c13_U_M_Driver3-1
Removed Pin From Net: NetName=GND Pin=c15_U_M_Driver1-1
Removed Pin From Net: NetName=GND Pin=c15_U_M_Driver2-1
Removed Pin From Net: NetName=GND Pin=c15_U_M_Driver3-1
Removed Pin From Net: NetName=GND Pin=c17_U_M_Driver1-1
Removed Pin From Net: NetName=GND Pin=c17_U_M_Driver2-1
Removed Pin From Net: NetName=GND Pin=c17_U_M_Driver3-1
Removed Pin From Net: NetName=GND Pin=c19_U_M_Driver1-1
Removed Pin From Net: NetName=GND Pin=c19_U_M_Driver2-1
Removed Pin From Net: NetName=GND Pin=c19_U_M_Driver3-1
Removed Pin From Net: NetName=GND Pin=c20_U_M_Driver1-2
Removed Pin From Net: NetName=GND Pin=c20_U_M_Driver2-2
Removed Pin From Net: NetName=GND Pin=c20_U_M_Driver3-2
Removed Pin From Net: NetName=GND Pin=c21_U_M_Driver1-2
Removed Pin From Net: NetName=GND Pin=c21_U_M_Driver2-2
Removed Pin From Net: NetName=GND Pin=c21_U_M_Driver3-2
Removed Pin From Net: NetName=GND Pin=c22_U_M_Driver1-2
Removed Pin From Net: NetName=GND Pin=c22_U_M_Driver2-2
Removed Pin From Net: NetName=GND Pin=c22_U_M_Driver3-2
Removed Pin From Net: NetName=GND Pin=c23_U_M_Driver1-2
Removed Pin From Net: NetName=GND Pin=c23_U_M_Driver2-2
Removed Pin From Net: NetName=GND Pin=c23_U_M_Driver3-2
Removed Pin From Net: NetName=GND Pin=d2_U_M_Driver1-2
Removed Pin From Net: NetName=GND Pin=d2_U_M_Driver2-2
Removed Pin From Net: NetName=GND Pin=d2_U_M_Driver3-2
Removed Pin From Net: NetName=GND Pin=r7_U_M_Driver1-1
Removed Pin From Net: NetName=GND Pin=r7_U_M_Driver2-1
Removed Pin From Net: NetName=GND Pin=r7_U_M_Driver3-1
Removed Pin From Net: NetName=GND Pin=r17_U_M_Driver1-1
Removed Pin From Net: NetName=GND Pin=r17_U_M_Driver2-1
Removed Pin From Net: NetName=GND Pin=r17_U_M_Driver3-1
Removed Pin From Net: NetName=GND Pin=r18_U_M_Driver1-1
Removed Pin From Net: NetName=GND Pin=r18_U_M_Driver2-1
Removed Pin From Net: NetName=GND Pin=r18_U_M_Driver3-1
Added Pin To Net: NetName=Netc27_2 Pin=u5-2
Added Pin To Net: NetName=SW Pin=u5-2
Added Pin To Net: NetName=Netc18_2 Pin=u5-14
Added Pin To Net: NetName=PGND Pin=c10_U_M_Driver1-1
Added Pin To Net: NetName=PGND Pin=c10_U_M_Driver2-1
Added Pin To Net: NetName=PGND Pin=c10_U_M_Driver3-1
Added Pin To Net: NetName=PGND Pin=c11_U_M_Driver1-1
Added Pin To Net: NetName=PGND Pin=c11_U_M_Driver2-1
Added Pin To Net: NetName=PGND Pin=c11_U_M_Driver3-1
Added Pin To Net: NetName=PGND Pin=c12_U_M_Driver1-2
Added Pin To Net: NetName=PGND Pin=c12_U_M_Driver2-2
Added Pin To Net: NetName=PGND Pin=c12_U_M_Driver3-2
Added Pin To Net: NetName=PGND Pin=c13_U_M_Driver1-1
Added Pin To Net: NetName=PGND Pin=c13_U_M_Driver2-1
Added Pin To Net: NetName=PGND Pin=c13_U_M_Driver3-1
Added Pin To Net: NetName=PGND Pin=c15_U_M_Driver1-1
Added Pin To Net: NetName=PGND Pin=c15_U_M_Driver2-1
Added Pin To Net: NetName=PGND Pin=c15_U_M_Driver3-1
Added Pin To Net: NetName=PGND Pin=c17_U_M_Driver1-1
Added Pin To Net: NetName=PGND Pin=c17_U_M_Driver2-1
Added Pin To Net: NetName=PGND Pin=c17_U_M_Driver3-1
Added Pin To Net: NetName=PGND Pin=c19_U_M_Driver1-1
Added Pin To Net: NetName=PGND Pin=c19_U_M_Driver2-1
Added Pin To Net: NetName=PGND Pin=c19_U_M_Driver3-1
Added Pin To Net: NetName=PGND Pin=c20_U_M_Driver1-2
Added Pin To Net: NetName=PGND Pin=c20_U_M_Driver2-2
Added Pin To Net: NetName=PGND Pin=c20_U_M_Driver3-2
Added Pin To Net: NetName=PGND Pin=c21_U_M_Driver1-2
Added Pin To Net: NetName=PGND Pin=c21_U_M_Driver2-2
Added Pin To Net: NetName=PGND Pin=c21_U_M_Driver3-2
Added Pin To Net: NetName=PGND Pin=c22_U_M_Driver1-2
Added Pin To Net: NetName=PGND Pin=c22_U_M_Driver2-2
Added Pin To Net: NetName=PGND Pin=c22_U_M_Driver3-2
Added Pin To Net: NetName=PGND Pin=c23_U_M_Driver1-2
Added Pin To Net: NetName=PGND Pin=c23_U_M_Driver2-2
Added Pin To Net: NetName=PGND Pin=c23_U_M_Driver3-2
Added Pin To Net: NetName=PGND Pin=d2_U_M_Driver1-2
Added Pin To Net: NetName=PGND Pin=d2_U_M_Driver2-2
Added Pin To Net: NetName=PGND Pin=d2_U_M_Driver3-2
Added Pin To Net: NetName=PGND Pin=r7_U_M_Driver1-1
Added Pin To Net: NetName=PGND Pin=r7_U_M_Driver2-1
Added Pin To Net: NetName=PGND Pin=r7_U_M_Driver3-1
Added Pin To Net: NetName=PGND Pin=r17_U_M_Driver1-1
Added Pin To Net: NetName=PGND Pin=r17_U_M_Driver2-1
Added Pin To Net: NetName=PGND Pin=r17_U_M_Driver3-1
Added Pin To Net: NetName=PGND Pin=r18_U_M_Driver1-1
Added Pin To Net: NetName=PGND Pin=r18_U_M_Driver2-1
Added Pin To Net: NetName=PGND Pin=r18_U_M_Driver3-1
Added Pin To Net: NetName=PGND Pin=u5-16
Added Net: Name=PGND
