Added Component: Designator=c1(0603)
Add component. Clean all parameters for all variants
Added Component: Designator=c2(0603)
Add component. Clean all parameters for all variants
Added Component: Designator=c3(0603)
Add component. Clean all parameters for all variants
Added Component: Designator=c4(0603)
Add component. Clean all parameters for all variants
Added Component: Designator=c5(0603)
Add component. Clean all parameters for all variants
Added Component: Designator=c6(0603)
Add component. Clean all parameters for all variants
Added Component: Designator=c7(0603)
Add component. Clean all parameters for all variants
Added Component: Designator=c8(Elco-C)
Add component. Clean all parameters for all variants
Added Component: Designator=c9(0603)
Add component. Clean all parameters for all variants
Added Component: Designator=c10(Elco-B)
Add component. Clean all parameters for all variants
Added Component: Designator=c11(0805)
Add component. Clean all parameters for all variants
Added Component: Designator=c12(0805)
Add component. Clean all parameters for all variants
Added Component: Designator=c13(0805)
Add component. Clean all parameters for all variants
Added Component: Designator=c14(0805)
Add component. Clean all parameters for all variants
Added Component: Designator=c15(0805)
Add component. Clean all parameters for all variants
Added Component: Designator=c16(0805)
Add component. Clean all parameters for all variants
Added Component: Designator=c19(0805)
Add component. Clean all parameters for all variants
Added Component: Designator=c20(0805)
Add component. Clean all parameters for all variants
Added Component: Designator=c21(0805)
Add component. Clean all parameters for all variants
Added Component: Designator=c22(0805)
Add component. Clean all parameters for all variants
Added Component: Designator=c23(0805)
Add component. Clean all parameters for all variants
Added Component: Designator=c24(0805)
Add component. Clean all parameters for all variants
Added Component: Designator=c25(0603)
Add component. Clean all parameters for all variants
Added Component: Designator=c26(0603)
Add component. Clean all parameters for all variants
Added Component: Designator=d1(1206 - DIODE)
Add component. Clean all parameters for all variants
Added Component: Designator=d2(Mini2-F3-B)
Add component. Clean all parameters for all variants
Added Component: Designator=d3(SOT23)
Add component. Clean all parameters for all variants
Added Component: Designator=d4(1206 - DIODE)
Add component. Clean all parameters for all variants
Added Component: Designator=d9(0603 - LED)
Add component. Clean all parameters for all variants
Added Component: Designator=d10(0603 - LED)
Add component. Clean all parameters for all variants
Added Component: Designator=d11(0603 - LED)
Add component. Clean all parameters for all variants
Added Component: Designator=d12(0603 - LED)
Add component. Clean all parameters for all variants
Added Component: Designator=f1(PTC Fuses)
Add component. Clean all parameters for all variants
Added Component: Designator=fb1(0603)
Add component. Clean all parameters for all variants
Added Component: Designator=fb2(0603)
Add component. Clean all parameters for all variants
Added Component: Designator=p14(TAG programmer)
Add component. Clean all parameters for all variants
Added Component: Designator=p15(1X3 Headerpin Angled)
Add component. Clean all parameters for all variants
Added Component: Designator=p16(1X3 Headerpin Angled)
Add component. Clean all parameters for all variants
Added Component: Designator=p17(1X3 Headerpin Angled)
Add component. Clean all parameters for all variants
Added Component: Designator=p18(1X3 Headerpin Angled)
Add component. Clean all parameters for all variants
Added Component: Designator=p19(1X3 Headerpin Angled)
Add component. Clean all parameters for all variants
Added Component: Designator=p20(1X3 Headerpin Angled)
Add component. Clean all parameters for all variants
Added Component: Designator=p21(1X3 Headerpin Angled)
Add component. Clean all parameters for all variants
Added Component: Designator=Q1(X32)
Add component. Clean all parameters for all variants
Added Component: Designator=r1(0603)
Add component. Clean all parameters for all variants
Added Component: Designator=r2(0603)
Add component. Clean all parameters for all variants
Added Component: Designator=r3(0603)
Add component. Clean all parameters for all variants
Added Component: Designator=r4(0603)
Add component. Clean all parameters for all variants
Added Component: Designator=r5(1206)
Add component. Clean all parameters for all variants
Added Component: Designator=r6(0805)
Add component. Clean all parameters for all variants
Added Component: Designator=r7(0805)
Add component. Clean all parameters for all variants
Added Component: Designator=r8(0603)
Add component. Clean all parameters for all variants
Added Component: Designator=r9(0603)
Add component. Clean all parameters for all variants
Added Component: Designator=r10(0603)
Add component. Clean all parameters for all variants
Added Component: Designator=r11(0603)
Add component. Clean all parameters for all variants
Added Component: Designator=r12(0603)
Add component. Clean all parameters for all variants
Added Component: Designator=r13(0603)
Add component. Clean all parameters for all variants
Added Component: Designator=r14(0603)
Add component. Clean all parameters for all variants
Added Component: Designator=r15(0603)
Add component. Clean all parameters for all variants
Added Component: Designator=r16(0603)
Add component. Clean all parameters for all variants
Added Component: Designator=r17(2512)
Add component. Clean all parameters for all variants
Added Component: Designator=r18(2512)
Add component. Clean all parameters for all variants
Added Component: Designator=r19(0603)
Add component. Clean all parameters for all variants
Added Component: Designator=r21(0603)
Add component. Clean all parameters for all variants
Added Component: Designator=r22(0805)
Add component. Clean all parameters for all variants
Added Component: Designator=r23(0805)
Add component. Clean all parameters for all variants
Added Component: Designator=r24(0805)
Add component. Clean all parameters for all variants
Added Component: Designator=r25(0603)
Add component. Clean all parameters for all variants
Added Component: Designator=r26(0603)
Add component. Clean all parameters for all variants
Added Component: Designator=r27(0603)
Add component. Clean all parameters for all variants
Added Component: Designator=r28(0603)
Add component. Clean all parameters for all variants
Added Component: Designator=r33(0603)
Add component. Clean all parameters for all variants
Added Component: Designator=r34(0603)
Add component. Clean all parameters for all variants
Added Component: Designator=r35(0603)
Add component. Clean all parameters for all variants
Added Component: Designator=r36(0603)
Add component. Clean all parameters for all variants
Added Component: Designator=r37(0603)
Add component. Clean all parameters for all variants
Added Component: Designator=r38(0603)
Add component. Clean all parameters for all variants
Added Component: Designator=r39(0603)
Add component. Clean all parameters for all variants
Added Component: Designator=s1(Dipswitch-4)
Add component. Clean all parameters for all variants
Added Component: Designator=sw1(MCDTSJW6)
Add component. Clean all parameters for all variants
Added Component: Designator=u1(VFQFPN)
Add component. Clean all parameters for all variants
Added Component: Designator=u3(SOIC8N)
Add component. Clean all parameters for all variants
Added Component: Designator=u4(TQFP-44)
Add component. Clean all parameters for all variants
Added Component: Designator=vr1(0603)
Add component. Clean all parameters for all variants
Added Component: Designator=vr2(0603)
Add component. Clean all parameters for all variants
Added Pin To Net: NetName=B\U\S\Y\/S\Y\N\C\ Pin=r22-2
Added Pin To Net: NetName=B\U\S\Y\/S\Y\N\C\ Pin=u1-15
Added Net: Name=B\U\S\Y\/S\Y\N\C\
Added Pin To Net: NetName=CS0 Pin=r37-1
Added Pin To Net: NetName=CS0 Pin=u1-10
Added Net: Name=CS0
Added Pin To Net: NetName=CS1 Pin=r36-1
Added Net: Name=CS1
Added Pin To Net: NetName=CS_FRAM Pin=r33-1
Added Pin To Net: NetName=CS_FRAM Pin=u3-1
Added Net: Name=CS_FRAM
Added Pin To Net: NetName=ERC0 Pin=r39-1
Added Pin To Net: NetName=ERC0 Pin=u4-18
Added Pin To Net: NetName=ERC0 Pin=u4-19
Added Pin To Net: NetName=ERC0 Pin=u4-22
Added Pin To Net: NetName=ERC0 Pin=u4-25
Added Pin To Net: NetName=ERC0 Pin=u4-26
Added Pin To Net: NetName=ERC0 Pin=u4-27
Added Pin To Net: NetName=ERC0 Pin=u4-36
Added Pin To Net: NetName=ERC0 Pin=u4-37
Added Pin To Net: NetName=ERC0 Pin=u4-38
Added Net: Name=ERC0
Added Pin To Net: NetName=F\L\A\G\ Pin=r23-2
Added Pin To Net: NetName=F\L\A\G\ Pin=u1-16
Added Pin To Net: NetName=F\L\A\G\ Pin=u4-31
Added Net: Name=F\L\A\G\
Added Pin To Net: NetName=FRAM_H\O\L\D\ Pin=u3-7
Added Pin To Net: NetName=FRAM_H\O\L\D\ Pin=u4-30
Added Net: Name=FRAM_H\O\L\D\
Added Pin To Net: NetName=GND Pin=c1-2
Added Pin To Net: NetName=GND Pin=c2-2
Added Pin To Net: NetName=GND Pin=c4-2
Added Pin To Net: NetName=GND Pin=c5-2
Added Pin To Net: NetName=GND Pin=c6-1
Added Pin To Net: NetName=GND Pin=c7-2
Added Pin To Net: NetName=GND Pin=c8-1
Added Pin To Net: NetName=GND Pin=c9-2
Added Pin To Net: NetName=GND Pin=c24-2
Added Pin To Net: NetName=GND Pin=c25-2
Added Pin To Net: NetName=GND Pin=c26-2
Added Pin To Net: NetName=GND Pin=fb1-1
Added Pin To Net: NetName=GND Pin=p14-6
Added Pin To Net: NetName=GND Pin=p15-1
Added Pin To Net: NetName=GND Pin=Q1-2
Added Pin To Net: NetName=GND Pin=Q1-4
Added Pin To Net: NetName=GND Pin=r12-2
Added Pin To Net: NetName=GND Pin=r16-1
Added Pin To Net: NetName=GND Pin=sw1-3
Added Pin To Net: NetName=GND Pin=sw1-4
Added Pin To Net: NetName=GND Pin=u3-4
Added Pin To Net: NetName=GND Pin=u4-15
Added Pin To Net: NetName=GND Pin=u4-23
Added Pin To Net: NetName=GND Pin=u4-35
Added Pin To Net: NetName=GND Pin=u4-43
Added Pin To Net: NetName=GND Pin=vr1-1
Added Pin To Net: NetName=GND Pin=vr2-1
Added Net: Name=GND
Added Pin To Net: NetName=MISO Pin=p14-4
Added Pin To Net: NetName=MISO Pin=r38-1
Added Pin To Net: NetName=MISO Pin=u3-2
Added Net: Name=MISO
Added Pin To Net: NetName=Netc3_1 Pin=c3-1
Added Pin To Net: NetName=Netc3_1 Pin=u4-6
Added Net: Name=Netc3_1
Added Pin To Net: NetName=Netc4_1 Pin=c4-1
Added Pin To Net: NetName=Netc4_1 Pin=Q1-3
Added Pin To Net: NetName=Netc4_1 Pin=r4-1
Added Pin To Net: NetName=Netc4_1 Pin=u4-17
Added Net: Name=Netc4_1
Added Pin To Net: NetName=Netc5_1 Pin=c5-1
Added Pin To Net: NetName=Netc5_1 Pin=Q1-1
Added Pin To Net: NetName=Netc5_1 Pin=r4-2
Added Pin To Net: NetName=Netc5_1 Pin=u4-16
Added Net: Name=Netc5_1
Added Pin To Net: NetName=Netc6_2 Pin=c6-2
Added Pin To Net: NetName=Netc6_2 Pin=u4-42
Added Net: Name=Netc6_2
Added Pin To Net: NetName=Netc7_1 Pin=c7-1
Added Pin To Net: NetName=Netc7_1 Pin=fb2-2
Added Pin To Net: NetName=Netc7_1 Pin=u4-24
Added Pin To Net: NetName=Netc7_1 Pin=u4-44
Added Net: Name=Netc7_1
Added Pin To Net: NetName=Netc13_2 Pin=c13-2
Added Pin To Net: NetName=Netc13_2 Pin=c15-2
Added Pin To Net: NetName=Netc13_2 Pin=u1-58
Added Pin To Net: NetName=Netc13_2 Pin=u1-60
Added Net: Name=Netc13_2
Added Pin To Net: NetName=Netc14_1 Pin=c14-1
Added Pin To Net: NetName=Netc14_1 Pin=d3-2
Added Net: Name=Netc14_1
Added Pin To Net: NetName=Netc14_2 Pin=c14-2
Added Pin To Net: NetName=Netc14_2 Pin=u1-57
Added Net: Name=Netc14_2
Added Pin To Net: NetName=Netc16_2 Pin=c16-2
Added Pin To Net: NetName=Netc16_2 Pin=d3-1
Added Pin To Net: NetName=Netc16_2 Pin=u1-55
Added Net: Name=Netc16_2
Added Pin To Net: NetName=Netd2_1 Pin=d2-1
Added Pin To Net: NetName=Netd2_1 Pin=r5-2
Added Pin To Net: NetName=Netd2_1 Pin=u1-61
Added Net: Name=Netd2_1
Added Pin To Net: NetName=Netd4_2 Pin=d4-2
Added Pin To Net: NetName=Netd4_2 Pin=r19-1
Added Net: Name=Netd4_2
Added Pin To Net: NetName=Netd8_1 Pin=r21-1
Added Net: Name=Netd8_1
Added Pin To Net: NetName=Netd9_2 Pin=d9-2
Added Pin To Net: NetName=Netd9_2 Pin=r25-1
Added Net: Name=Netd9_2
Added Pin To Net: NetName=Netd10_2 Pin=d10-2
Added Pin To Net: NetName=Netd10_2 Pin=r26-1
Added Net: Name=Netd10_2
Added Pin To Net: NetName=Netd11_2 Pin=d11-2
Added Pin To Net: NetName=Netd11_2 Pin=r27-1
Added Net: Name=Netd11_2
Added Pin To Net: NetName=Netd12_2 Pin=d12-2
Added Pin To Net: NetName=Netd12_2 Pin=r28-1
Added Net: Name=Netd12_2
Added Pin To Net: NetName=Netf1_1 Pin=f1-1
Added Net: Name=Netf1_1
Added Pin To Net: NetName=Netk1_2 Pin=p16-3
Added Net: Name=Netk1_2
Added Pin To Net: NetName=Netk1_3 Pin=p16-2
Added Net: Name=Netk1_3
Added Pin To Net: NetName=Netk1_4 Pin=p16-1
Added Net: Name=Netk1_4
Added Pin To Net: NetName=Netk2_2 Pin=p17-3
Added Net: Name=Netk2_2
Added Pin To Net: NetName=Netk2_3 Pin=p17-2
Added Net: Name=Netk2_3
Added Pin To Net: NetName=Netk2_4 Pin=p17-1
Added Net: Name=Netk2_4
Added Pin To Net: NetName=Netk3_2 Pin=p18-3
Added Net: Name=Netk3_2
Added Pin To Net: NetName=Netk3_3 Pin=p18-2
Added Net: Name=Netk3_3
Added Pin To Net: NetName=Netk3_4 Pin=p18-1
Added Net: Name=Netk3_4
Added Pin To Net: NetName=Netk4_2 Pin=p19-3
Added Net: Name=Netk4_2
Added Pin To Net: NetName=Netk4_3 Pin=p19-2
Added Net: Name=Netk4_3
Added Pin To Net: NetName=Netk4_4 Pin=p19-1
Added Net: Name=Netk4_4
Added Pin To Net: NetName=Netp1_2 Pin=r3-1
Added Pin To Net: NetName=Netp1_2 Pin=vr2-2
Added Net: Name=Netp1_2
Added Pin To Net: NetName=Netp1_3 Pin=r2-1
Added Pin To Net: NetName=Netp1_3 Pin=vr1-2
Added Net: Name=Netp1_3
Added Pin To Net: NetName=Netr2_2 Pin=r2-2
Added Pin To Net: NetName=Netr2_2 Pin=u4-4
Added Net: Name=Netr2_2
Added Pin To Net: NetName=Netr3_2 Pin=r3-2
Added Pin To Net: NetName=Netr3_2 Pin=u4-3
Added Net: Name=Netr3_2
Added Pin To Net: NetName=Netr6_1 Pin=r6-1
Added Pin To Net: NetName=Netr6_1 Pin=r7-2
Added Pin To Net: NetName=Netr6_1 Pin=u1-54
Added Net: Name=Netr6_1
Added Pin To Net: NetName=Netr8_1 Pin=r8-1
Added Pin To Net: NetName=Netr8_1 Pin=r12-1
Added Pin To Net: NetName=Netr8_1 Pin=r13-2
Added Net: Name=Netr8_1
Added Pin To Net: NetName=Netr8_2 Pin=r8-2
Added Pin To Net: NetName=Netr8_2 Pin=s1-1
Added Net: Name=Netr8_2
Added Pin To Net: NetName=Netr9_1 Pin=r9-1
Added Pin To Net: NetName=Netr9_1 Pin=r15-1
Added Pin To Net: NetName=Netr9_1 Pin=u4-41
Added Net: Name=Netr9_1
Added Pin To Net: NetName=Netr9_2 Pin=r9-2
Added Pin To Net: NetName=Netr9_2 Pin=s1-4
Added Net: Name=Netr9_2
Added Pin To Net: NetName=Netr10_1 Pin=r10-1
Added Pin To Net: NetName=Netr10_1 Pin=r13-1
Added Pin To Net: NetName=Netr10_1 Pin=r14-2
Added Net: Name=Netr10_1
Added Pin To Net: NetName=Netr10_2 Pin=r10-2
Added Pin To Net: NetName=Netr10_2 Pin=s1-2
Added Net: Name=Netr10_2
Added Pin To Net: NetName=Netr11_1 Pin=r11-1
Added Pin To Net: NetName=Netr11_1 Pin=r14-1
Added Pin To Net: NetName=Netr11_1 Pin=r15-2
Added Net: Name=Netr11_1
Added Pin To Net: NetName=Netr11_2 Pin=r11-2
Added Pin To Net: NetName=Netr11_2 Pin=s1-3
Added Net: Name=Netr11_2
Added Pin To Net: NetName=Netr16_2 Pin=r16-2
Added Pin To Net: NetName=Netr16_2 Pin=u4-33
Added Net: Name=Netr16_2
Added Pin To Net: NetName=Netr17_2 Pin=r17-2
Added Pin To Net: NetName=Netr17_2 Pin=u1-20
Added Pin To Net: NetName=Netr17_2 Pin=u1-34
Added Pin To Net: NetName=Netr17_2 Pin=u1-35
Added Pin To Net: NetName=Netr17_2 Pin=u1-36
Added Pin To Net: NetName=Netr17_2 Pin=u1-39
Added Pin To Net: NetName=Netr17_2 Pin=u1-40
Added Pin To Net: NetName=Netr17_2 Pin=u1-41
Added Net: Name=Netr17_2
Added Pin To Net: NetName=Netr18_2 Pin=r18-2
Added Pin To Net: NetName=Netr18_2 Pin=u1-9
Added Pin To Net: NetName=Netr18_2 Pin=u1-77
Added Pin To Net: NetName=Netr18_2 Pin=u1-78
Added Pin To Net: NetName=Netr18_2 Pin=u1-79
Added Pin To Net: NetName=Netr18_2 Pin=u1-82
Added Pin To Net: NetName=Netr18_2 Pin=u1-83
Added Pin To Net: NetName=Netr18_2 Pin=u1-84
Added Net: Name=Netr18_2
Added Pin To Net: NetName=Netr24_1 Pin=r24-1
Added Pin To Net: NetName=Netr24_1 Pin=u1-17
Added Net: Name=Netr24_1
Added Pin To Net: NetName=Netr33_2 Pin=r33-2
Added Pin To Net: NetName=Netr33_2 Pin=u4-29
Added Net: Name=Netr33_2
Added Pin To Net: NetName=Netr34_2 Pin=r34-2
Added Pin To Net: NetName=Netr34_2 Pin=u4-10
Added Net: Name=Netr34_2
Added Pin To Net: NetName=Netr35_2 Pin=r35-2
Added Pin To Net: NetName=Netr35_2 Pin=u4-9
Added Net: Name=Netr35_2
Added Pin To Net: NetName=Netr36_2 Pin=r36-2
Added Pin To Net: NetName=Netr36_2 Pin=u4-28
Added Net: Name=Netr36_2
Added Pin To Net: NetName=Netr37_2 Pin=r37-2
Added Pin To Net: NetName=Netr37_2 Pin=u4-8
Added Net: Name=Netr37_2
Added Pin To Net: NetName=Netr38_2 Pin=r38-2
Added Pin To Net: NetName=Netr38_2 Pin=u4-11
Added Net: Name=Netr38_2
Added Pin To Net: NetName=Netu1_12 Pin=u1-12
Added Net: Name=Netu1_12
Added Pin To Net: NetName=Netu1_14 Pin=u1-14
Added Net: Name=Netu1_14
Added Pin To Net: NetName=Noodstop Pin=u4-1
Added Net: Name=Noodstop
Added Net: Name=OUTA1_1
Added Net: Name=OUTA1_2
Added Net: Name=OUTA1_3
Added Pin To Net: NetName=OUTA1 Pin=u1-38
Added Pin To Net: NetName=OUTA1 Pin=u1-42
Added Pin To Net: NetName=OUTA1 Pin=u1-53
Added Pin To Net: NetName=OUTA1 Pin=u1-93
Added Net: Name=OUTA1
Added Net: Name=OUTA2_1
Added Net: Name=OUTA2_2
Added Net: Name=OUTA2_3
Added Pin To Net: NetName=OUTA2 Pin=u1-22
Added Pin To Net: NetName=OUTA2 Pin=u1-33
Added Pin To Net: NetName=OUTA2 Pin=u1-37
Added Pin To Net: NetName=OUTA2 Pin=u1-94
Added Net: Name=OUTA2
Added Net: Name=OUTB1_1
Added Net: Name=OUTB1_2
Added Net: Name=OUTB1_3
Added Pin To Net: NetName=OUTB1 Pin=u1-65
Added Pin To Net: NetName=OUTB1 Pin=u1-76
Added Pin To Net: NetName=OUTB1 Pin=u1-80
Added Pin To Net: NetName=OUTB1 Pin=u1-92
Added Net: Name=OUTB1
Added Net: Name=OUTB2_1
Added Net: Name=OUTB2_2
Added Net: Name=OUTB2_3
Added Pin To Net: NetName=OUTB2 Pin=u1-7
Added Pin To Net: NetName=OUTB2 Pin=u1-81
Added Pin To Net: NetName=OUTB2 Pin=u1-85
Added Pin To Net: NetName=OUTB2 Pin=u1-91
Added Net: Name=OUTB2
Added Pin To Net: NetName=PGND Pin=c10-1
Added Pin To Net: NetName=PGND Pin=c11-1
Added Pin To Net: NetName=PGND Pin=c12-2
Added Pin To Net: NetName=PGND Pin=c13-1
Added Pin To Net: NetName=PGND Pin=c15-1
Added Pin To Net: NetName=PGND Pin=c19-1
Added Pin To Net: NetName=PGND Pin=c20-2
Added Pin To Net: NetName=PGND Pin=c21-2
Added Pin To Net: NetName=PGND Pin=c22-2
Added Pin To Net: NetName=PGND Pin=c23-2
Added Pin To Net: NetName=PGND Pin=d2-2
Added Pin To Net: NetName=PGND Pin=r7-1
Added Pin To Net: NetName=PGND Pin=r17-1
Added Pin To Net: NetName=PGND Pin=r18-1
Added Pin To Net: NetName=PGND Pin=u1-8
Added Pin To Net: NetName=PGND Pin=u1-21
Added Pin To Net: NetName=PGND Pin=u1-59
Added Net: Name=PGND
Added Pin To Net: NetName=PWM Pin=p15-2
Added Pin To Net: NetName=PWM Pin=u4-12
Added Net: Name=PWM
Added Pin To Net: NetName=R\E\S\E\T\ Pin=d1-2
Added Pin To Net: NetName=R\E\S\E\T\ Pin=r1-1
Added Pin To Net: NetName=R\E\S\E\T\ Pin=sw1-1
Added Pin To Net: NetName=R\E\S\E\T\ Pin=sw1-2
Added Pin To Net: NetName=R\E\S\E\T\ Pin=u1-19
Added Pin To Net: NetName=R\E\S\E\T\ Pin=u4-13
Added Net: Name=R\E\S\E\T\
Added Pin To Net: NetName=Relay_COM Pin=p20-3
Added Pin To Net: NetName=Relay_COM Pin=p21-3
Added Net: Name=Relay_COM
Added Net: Name=Relay_OUT1
Added Net: Name=Relay_OUT2
Added Net: Name=Relay_OUT3
Added Net: Name=Relay_OUT4
Added Pin To Net: NetName=Relay_OUT5 Pin=p20-1
Added Net: Name=Relay_OUT5
Added Pin To Net: NetName=Relay_OUT6 Pin=p20-2
Added Net: Name=Relay_OUT6
Added Pin To Net: NetName=Relay_OUT7 Pin=p21-1
Added Net: Name=Relay_OUT7
Added Pin To Net: NetName=Relay_OUT8 Pin=p21-2
Added Net: Name=Relay_OUT8
Added Pin To Net: NetName=RESET Pin=p14-5
Added Net: Name=RESET
Added Pin To Net: NetName=RL_COM Pin=c24-1
Added Pin To Net: NetName=RL_COM Pin=d4-1
Added Pin To Net: NetName=RL_COM Pin=d9-1
Added Pin To Net: NetName=RL_COM Pin=d10-1
Added Pin To Net: NetName=RL_COM Pin=d11-1
Added Pin To Net: NetName=RL_COM Pin=d12-1
Added Pin To Net: NetName=RL_COM Pin=r19-2
Added Net: Name=RL_COM
Added Net: Name=ROUT1
Added Net: Name=ROUT2
Added Net: Name=ROUT3
Added Net: Name=ROUT4
Added Pin To Net: NetName=ROUT5 Pin=r28-2
Added Net: Name=ROUT5
Added Pin To Net: NetName=ROUT6 Pin=r27-2
Added Net: Name=ROUT6
Added Pin To Net: NetName=ROUT7 Pin=r26-2
Added Net: Name=ROUT7
Added Pin To Net: NetName=ROUT8 Pin=r25-2
Added Net: Name=ROUT8
Added Pin To Net: NetName=RX Pin=u4-20
Added Net: Name=RX
Added Pin To Net: NetName=SCK Pin=p14-3
Added Pin To Net: NetName=SCK Pin=r35-1
Added Pin To Net: NetName=SCK Pin=u1-10
Added Pin To Net: NetName=SCK Pin=u3-6
Added Net: Name=SCK
Added Pin To Net: NetName=TX Pin=u4-21
Added Net: Name=TX
Added Pin To Net: NetName=UGND Pin=c3-2
Added Pin To Net: NetName=UGND Pin=fb1-2
Added Pin To Net: NetName=UGND Pin=u4-5
Added Net: Name=UGND
Added Net: Name=USBID
Added Pin To Net: NetName=VCC Pin=c1-1
Added Pin To Net: NetName=VCC Pin=c2-1
Added Pin To Net: NetName=VCC Pin=c25-1
Added Pin To Net: NetName=VCC Pin=c26-1
Added Pin To Net: NetName=VCC Pin=d1-1
Added Pin To Net: NetName=VCC Pin=fb2-1
Added Pin To Net: NetName=VCC Pin=p14-2
Added Pin To Net: NetName=VCC Pin=p15-3
Added Pin To Net: NetName=VCC Pin=r1-2
Added Pin To Net: NetName=VCC Pin=r21-2
Added Pin To Net: NetName=VCC Pin=r39-2
Added Pin To Net: NetName=VCC Pin=s1-5
Added Pin To Net: NetName=VCC Pin=s1-6
Added Pin To Net: NetName=VCC Pin=s1-7
Added Pin To Net: NetName=VCC Pin=s1-8
Added Pin To Net: NetName=VCC Pin=u3-3
Added Pin To Net: NetName=VCC Pin=u3-8
Added Pin To Net: NetName=VCC Pin=u4-2
Added Pin To Net: NetName=VCC Pin=u4-14
Added Pin To Net: NetName=VCC Pin=u4-34
Added Net: Name=VCC
Added Pin To Net: NetName=VDD Pin=c10-2
Added Pin To Net: NetName=VDD Pin=c11-2
Added Pin To Net: NetName=VDD Pin=c12-1
Added Pin To Net: NetName=VDD Pin=r22-1
Added Pin To Net: NetName=VDD Pin=r23-1
Added Pin To Net: NetName=VDD Pin=r24-2
Added Pin To Net: NetName=VDD Pin=u1-13
Added Pin To Net: NetName=VDD Pin=u1-62
Added Net: Name=VDD
Added Pin To Net: NetName=VS Pin=c16-1
Added Pin To Net: NetName=VS Pin=c19-2
Added Pin To Net: NetName=VS Pin=c20-1
Added Pin To Net: NetName=VS Pin=c21-1
Added Pin To Net: NetName=VS Pin=c22-1
Added Pin To Net: NetName=VS Pin=c23-1
Added Pin To Net: NetName=VS Pin=d3-3
Added Pin To Net: NetName=VS Pin=r5-1
Added Pin To Net: NetName=VS Pin=r6-2
Added Pin To Net: NetName=VS Pin=u1-56
Added Pin To Net: NetName=VS Pin=u1-91
Added Pin To Net: NetName=VS Pin=u1-92
Added Pin To Net: NetName=VS Pin=u1-95
Added Pin To Net: NetName=VS Pin=u1-96
Added Net: Name=VS
Added Pin To Net: NetName=VUSB Pin=c8-2
Added Pin To Net: NetName=VUSB Pin=c9-1
Added Pin To Net: NetName=VUSB Pin=f1-2
Added Pin To Net: NetName=VUSB Pin=u4-7
Added Net: Name=VUSB
Added Class: Name=REPEAT(1,3,U_M_Driver)
Added Class: Name=TOP Sheet
Added Class: Name=U_Controller
Added Class: Name=U_Relais sheet
Added Class: Name=Relay_OUT[1..8]
Added Class: Name=ROUT[1..8]
Added Class: Name=SDO[1..3]
Added Room: Name=REPEAT(1,3,U_M_Driver)
Added Room: Name=TOP Sheet
Added Room: Name=U_Controller
Added Room: Name=U_Relais sheet
