Added Pin To Net: NetName=CS0 Pin=u1_U_M_Driver1-10
Added Pin To Net: NetName=OUTB2_1 Pin=u1_U_M_Driver1-91
Added Pin To Net: NetName=OUTB1_1 Pin=u1_U_M_Driver1-92
Added Pin To Net: NetName=CS0 Pin=u1_U_M_Driver2-10
Added Pin To Net: NetName=OUTB2_2 Pin=u1_U_M_Driver2-91
Added Pin To Net: NetName=OUTB1_2 Pin=u1_U_M_Driver2-92
Added Pin To Net: NetName=CS0 Pin=u1_U_M_Driver3-10
Added Pin To Net: NetName=OUTB2_3 Pin=u1_U_M_Driver3-91
Added Pin To Net: NetName=OUTB1_3 Pin=u1_U_M_Driver3-92
Added Pin To Net: NetName=Relay_OUT1 Pin=k1-1
Added Net: Name=Relay_OUT1
Added Pin To Net: NetName=Relay_OUT2 Pin=k2-1
Added Net: Name=Relay_OUT2
Added Pin To Net: NetName=Relay_OUT3 Pin=k3-1
Added Net: Name=Relay_OUT3
Added Pin To Net: NetName=Relay_OUT4 Pin=k4-1
Added Net: Name=Relay_OUT4
Added Member To Class: ClassName=Relay_OUT[1..8] Member=Element[1]: RELAY_OUT
Added Member To Class: ClassName=Relay_OUT[1..8] Member=Element[2]: RELAY_OUT
Added Member To Class: ClassName=Relay_OUT[1..8] Member=Element[3]: RELAY_OUT
Added Member To Class: ClassName=Relay_OUT[1..8] Member=Element[4]: RELAY_OUT
