Removed Pin From Net: NetName=OUTB2_1 Pin=p3-1
Removed Pin From Net: NetName=OUTB1_1 Pin=p3-2
Removed Pin From Net: NetName=OUTA2_1 Pin=p3-3
Removed Pin From Net: NetName=OUTB2_2 Pin=p4-1
Removed Pin From Net: NetName=OUTB1_2 Pin=p4-2
Removed Pin From Net: NetName=OUTA2_2 Pin=p4-3
Removed Pin From Net: NetName=OUTB2_3 Pin=p5-1
Removed Pin From Net: NetName=OUTB1_3 Pin=p5-2
Removed Pin From Net: NetName=OUTA2_3 Pin=p5-3
Added Pin To Net: NetName=OUTA2_1 Pin=p3-1
Added Pin To Net: NetName=OUTB2_1 Pin=p3-2
Added Pin To Net: NetName=OUTB1_1 Pin=p3-3
Added Pin To Net: NetName=OUTA2_2 Pin=p4-1
Added Pin To Net: NetName=OUTB2_2 Pin=p4-2
Added Pin To Net: NetName=OUTB1_2 Pin=p4-3
Added Pin To Net: NetName=OUTA2_3 Pin=p5-1
Added Pin To Net: NetName=OUTB2_3 Pin=p5-2
Added Pin To Net: NetName=OUTB1_3 Pin=p5-3
Added Pin To Net: NetName=SW Pin=u5-2
Added Pin To Net: NetName=Vin Pin=u5-14
Added Pin To Net: NetName=PGND Pin=u5-16
