Removed Pin From Net: NetName=RX Pin=p23-1
Removed Pin From Net: NetName=TX Pin=p23-2
Added Pin To Net: NetName=TX Pin=p23-1
Added Pin To Net: NetName=RX Pin=p23-2
Added Pin To Net: NetName=CS0 Pin=u1_U_M_Driver1-10
Added Pin To Net: NetName=OUTB2_1 Pin=u1_U_M_Driver1-91
Added Pin To Net: NetName=OUTB1_1 Pin=u1_U_M_Driver1-92
Added Pin To Net: NetName=CS0 Pin=u1_U_M_Driver2-10
Added Pin To Net: NetName=OUTB2_2 Pin=u1_U_M_Driver2-91
Added Pin To Net: NetName=OUTB1_2 Pin=u1_U_M_Driver2-92
Added Pin To Net: NetName=CS0 Pin=u1_U_M_Driver3-10
Added Pin To Net: NetName=OUTB2_3 Pin=u1_U_M_Driver3-91
Added Pin To Net: NetName=OUTB1_3 Pin=u1_U_M_Driver3-92
Added Pin To Net: NetName=Netc27_2 Pin=u5-2
Added Pin To Net: NetName=GND Pin=u5-6
Added Pin To Net: NetName=GND Pin=u5-10
Added Pin To Net: NetName=Netc18_2 Pin=u5-13
Added Pin To Net: NetName=Netc18_2 Pin=u5-14
Added Pin To Net: NetName=GND Pin=u5-15
Added Pin To Net: NetName=GND Pin=u5-16
Added Pin To Net: NetName=GND Pin=u5-17
