Added Component: Designator=p1(Socket_microUSB_TypeA-SMT)
Add component. Clean all parameters for all variants
Added Pin To Net: NetName=Netf1_1 Pin=p1-1
Added Pin To Net: NetName=Netp1_2 Pin=p1-2
Added Pin To Net: NetName=Netp1_3 Pin=p1-3
Added Pin To Net: NetName=GND Pin=p1-5
Added Pin To Net: NetName=GND Pin=p1-6
Added Pin To Net: NetName=GND Pin=p1-6
Added Pin To Net: NetName=GND Pin=p1-6
Added Pin To Net: NetName=GND Pin=p1-6
Added Pin To Net: NetName=GND Pin=p1-6
Added Pin To Net: NetName=GND Pin=p1-6
Added Pin To Net: NetName=SCK Pin=u1_U_M_Driver1-10
Added Pin To Net: NetName=PS Pin=u1_U_M_Driver1-91
Added Pin To Net: NetName=PS Pin=u1_U_M_Driver1-92
Added Pin To Net: NetName=SCK Pin=u1_U_M_Driver2-10
Added Pin To Net: NetName=PS Pin=u1_U_M_Driver2-91
Added Pin To Net: NetName=PS Pin=u1_U_M_Driver2-92
Added Pin To Net: NetName=SCK Pin=u1_U_M_Driver3-10
Added Pin To Net: NetName=PS Pin=u1_U_M_Driver3-91
Added Pin To Net: NetName=PS Pin=u1_U_M_Driver3-92
Added Member To Class: ClassName=U_Power Supply Member=Component p1 microUSB TypeA
Added Room: Name=TOP Sheet
Added Room: Name=U_Controller
Added Room: Name=U_M_Driver1
Added Room: Name=U_M_Driver2
Added Room: Name=U_M_Driver3
Added Room: Name=U_Power Supply
Added Room: Name=U_Relais sheet
