Added Pin To Net: NetName=SCK Pin=u1_U_M_Driver1-10
Added Pin To Net: NetName=PS Pin=u1_U_M_Driver1-91
Added Pin To Net: NetName=PS Pin=u1_U_M_Driver1-92
Added Pin To Net: NetName=SCK Pin=u1_U_M_Driver2-10
Added Pin To Net: NetName=PS Pin=u1_U_M_Driver2-91
Added Pin To Net: NetName=PS Pin=u1_U_M_Driver2-92
Added Pin To Net: NetName=SCK Pin=u1_U_M_Driver3-10
Added Pin To Net: NetName=PS Pin=u1_U_M_Driver3-91
Added Pin To Net: NetName=PS Pin=u1_U_M_Driver3-92
Change Net Name : Old Net Name=OUT1 New Net Name=Relay_OUT1
Change Net Name : Old Net Name=OUT2 New Net Name=Relay_OUT2
Change Net Name : Old Net Name=OUT3 New Net Name=Relay_OUT3
Change Net Name : Old Net Name=OUT4 New Net Name=Relay_OUT4
Added Room: Name=TOP Sheet
Added Room: Name=U_Controller
Added Room: Name=U_M_Driver1
Added Room: Name=U_M_Driver2
Added Room: Name=U_M_Driver3
Added Room: Name=U_Power Supply
Added Room: Name=U_Relais sheet
