Added Component: Designator=c17_U_M_Driver1(TH Elco 12.5)
Add component. Clean all parameters for all variants
Added Component: Designator=c17_U_M_Driver2(TH Elco 12.5)
Add component. Clean all parameters for all variants
Added Component: Designator=c17_U_M_Driver3(TH Elco 12.5)
Add component. Clean all parameters for all variants
Added Component: Designator=k1(THT-8)
Add component. Clean all parameters for all variants
Added Component: Designator=k2(THT-8)
Add component. Clean all parameters for all variants
Added Component: Designator=k3(THT-8)
Add component. Clean all parameters for all variants
Added Component: Designator=k4(THT-8)
Add component. Clean all parameters for all variants
Added Component: Designator=p3(WtB-F-4p)
Add component. Clean all parameters for all variants
Added Component: Designator=p4(WtB-F-4p)
Add component. Clean all parameters for all variants
Added Component: Designator=p5(WtB-F-4p)
Add component. Clean all parameters for all variants
Added Pin To Net: NetName=PGND Pin=c17_U_M_Driver1-1
Added Pin To Net: NetName=PS Pin=c17_U_M_Driver1-2
Added Pin To Net: NetName=PGND Pin=c17_U_M_Driver2-1
Added Pin To Net: NetName=PS Pin=c17_U_M_Driver2-2
Added Pin To Net: NetName=PGND Pin=c17_U_M_Driver3-1
Added Pin To Net: NetName=PS Pin=c17_U_M_Driver3-2
Added Pin To Net: NetName=Netk1_2 Pin=k1-2
Added Pin To Net: NetName=Netk1_3 Pin=k1-3
Added Pin To Net: NetName=Netk1_4 Pin=k1-4
Added Pin To Net: NetName=Netk1_4 Pin=k1-5
Added Pin To Net: NetName=Netk1_3 Pin=k1-6
Added Pin To Net: NetName=Netk1_2 Pin=k1-7
Added Pin To Net: NetName=Common Pin=k1-8
Added Pin To Net: NetName=Netk2_2 Pin=k2-2
Added Pin To Net: NetName=Netk2_3 Pin=k2-3
Added Pin To Net: NetName=Netk2_4 Pin=k2-4
Added Pin To Net: NetName=Netk2_4 Pin=k2-5
Added Pin To Net: NetName=Netk2_3 Pin=k2-6
Added Pin To Net: NetName=Netk2_2 Pin=k2-7
Added Pin To Net: NetName=Common Pin=k2-8
Added Pin To Net: NetName=Netk3_2 Pin=k3-2
Added Pin To Net: NetName=Netk3_3 Pin=k3-3
Added Pin To Net: NetName=Netk3_4 Pin=k3-4
Added Pin To Net: NetName=Netk3_4 Pin=k3-5
Added Pin To Net: NetName=Netk3_3 Pin=k3-6
Added Pin To Net: NetName=Netk3_2 Pin=k3-7
Added Pin To Net: NetName=Common Pin=k3-8
Added Pin To Net: NetName=Netk4_2 Pin=k4-2
Added Pin To Net: NetName=Netk4_3 Pin=k4-3
Added Pin To Net: NetName=Netk4_4 Pin=k4-4
Added Pin To Net: NetName=Netk4_4 Pin=k4-5
Added Pin To Net: NetName=Netk4_3 Pin=k4-6
Added Pin To Net: NetName=Netk4_2 Pin=k4-7
Added Pin To Net: NetName=Common Pin=k4-8
Added Pin To Net: NetName=SCK Pin=u1_U_M_Driver1-10
Added Pin To Net: NetName=PS Pin=u1_U_M_Driver1-91
Added Pin To Net: NetName=PS Pin=u1_U_M_Driver1-92
Added Pin To Net: NetName=SCK Pin=u1_U_M_Driver2-10
Added Pin To Net: NetName=PS Pin=u1_U_M_Driver2-91
Added Pin To Net: NetName=PS Pin=u1_U_M_Driver2-92
Added Pin To Net: NetName=SCK Pin=u1_U_M_Driver3-10
Added Pin To Net: NetName=PS Pin=u1_U_M_Driver3-91
Added Pin To Net: NetName=PS Pin=u1_U_M_Driver3-92
Added Member To Class: ClassName=U_M_Driver1 Member=Component c17_U_M_Driver1 (c17) 220µF 100V
Added Member To Class: ClassName=U_M_Driver2 Member=Component c17_U_M_Driver2 (c17) 220µF 100V
Added Member To Class: ClassName=U_M_Driver3 Member=Component c17_U_M_Driver3 (c17) 220µF 100V
Added Member To Class: ClassName=TOP Sheet Member=Component k1 IMxxTS
Added Member To Class: ClassName=TOP Sheet Member=Component k2 IMxxTS
Added Member To Class: ClassName=TOP Sheet Member=Component k3 IMxxTS
Added Member To Class: ClassName=TOP Sheet Member=Component k4 IMxxTS
Added Member To Class: ClassName=TOP Sheet Member=Component p3 4 contact
Added Member To Class: ClassName=TOP Sheet Member=Component p4 4 contact
Added Member To Class: ClassName=TOP Sheet Member=Component p5 4 contact
