Change Component Designator: Old Designator=b? New Designator=b1
Change Component Designator: Old Designator=c? New Designator=c1
Change Component Designator: Old Designator=c? New Designator=c2
Change Component Designator: Old Designator=c? New Designator=c3
Change Component Designator: Old Designator=c? New Designator=c4
Change Component Designator: Old Designator=c? New Designator=c5
Change Component Designator: Old Designator=c? New Designator=c6
Change Component Designator: Old Designator=c? New Designator=c7
Change Component Designator: Old Designator=c? New Designator=c8
Change Component Designator: Old Designator=c? New Designator=c9
Change Component Designator: Old Designator=c? New Designator=c10
Change Component Designator: Old Designator=c? New Designator=c11
Change Component Designator: Old Designator=c? New Designator=c12
Change Component Designator: Old Designator=c? New Designator=c13
Change Component Designator: Old Designator=c? New Designator=c14
Change Component Designator: Old Designator=c? New Designator=c15
Change Component Designator: Old Designator=Q? New Designator=Q1
Change Component Designator: Old Designator=r? New Designator=r1
Change Component Designator: Old Designator=r? New Designator=r2
Change Component Designator: Old Designator=u? New Designator=u2
Change Component Designator: Old Designator=u? New Designator=u2
Change Component Designator: Old Designator=u? New Designator=u2
Change Component Designator: Old Designator=u? New Designator=u2
Change Component Designator: Old Designator=u? New Designator=u2
Change Component Designator: Old Designator=u? New Designator=u2
Change Component Designator: Old Designator=u? New Designator=u2
Change Component Designator: Old Designator=u? New Designator=u1
Change Component Designator: Old Designator=u? New Designator=u3
